TN:
SF:app/api/accounts/route.ts
FN:13,GET
FN:82,POST
FN:135,PUT
FN:164,DELETE
FNF:4
FNH:0
FNDA:0,GET
FNDA:0,POST
FNDA:0,PUT
FNDA:0,DELETE
DA:1,0
DA:2,0
DA:4,0
DA:5,0
DA:7,0
DA:8,0
DA:11,0
DA:13,0
DA:14,0
DA:15,0
DA:16,0
DA:17,0
DA:19,0
DA:20,0
DA:21,0
DA:22,0
DA:23,0
DA:24,0
DA:25,0
DA:26,0
DA:29,0
DA:39,0
DA:40,0
DA:43,0
DA:44,0
DA:47,0
DA:48,0
DA:51,0
DA:53,0
DA:56,0
DA:57,0
DA:60,0
DA:61,0
DA:62,0
DA:69,0
DA:77,0
DA:78,0
DA:82,0
DA:83,0
DA:84,0
DA:85,0
DA:87,0
DA:88,0
DA:91,0
DA:92,0
DA:96,0
DA:104,0
DA:105,0
DA:111,0
DA:122,0
DA:123,0
DA:124,0
DA:127,0
DA:130,0
DA:131,0
DA:135,0
DA:136,0
DA:137,0
DA:138,0
DA:140,0
DA:141,0
DA:144,0
DA:151,0
DA:152,0
DA:153,0
DA:156,0
DA:159,0
DA:160,0
DA:164,0
DA:165,0
DA:166,0
DA:167,0
DA:169,0
DA:170,0
DA:173,0
DA:178,0
DA:179,0
DA:180,0
DA:183,0
DA:186,0
DA:187,0
LF:81
LH:0
BRDA:5,0,0,0
BRDA:5,0,1,0
BRDA:7,1,0,0
BRDA:7,1,1,0
BRDA:7,2,0,0
BRDA:7,2,1,0
BRDA:16,3,0,0
BRDA:16,3,1,0
BRDA:17,4,0,0
BRDA:17,4,1,0
BRDA:24,5,0,0
BRDA:24,5,1,0
BRDA:25,6,0,0
BRDA:25,6,1,0
BRDA:39,7,0,0
BRDA:39,7,1,0
BRDA:43,8,0,0
BRDA:43,8,1,0
BRDA:47,9,0,0
BRDA:47,9,1,0
BRDA:56,10,0,0
BRDA:56,10,1,0
BRDA:56,11,0,0
BRDA:56,11,1,0
BRDA:60,12,0,0
BRDA:60,12,1,0
BRDA:70,13,0,0
BRDA:70,13,1,0
BRDA:71,14,0,0
BRDA:71,14,1,0
BRDA:73,15,0,0
BRDA:73,15,1,0
BRDA:87,16,0,0
BRDA:87,16,1,0
BRDA:91,17,0,0
BRDA:91,17,1,0
BRDA:101,18,0,0
BRDA:101,18,1,0
BRDA:104,19,0,0
BRDA:104,19,1,0
BRDA:106,20,0,0
BRDA:106,20,1,0
BRDA:115,21,0,0
BRDA:115,21,1,0
BRDA:116,22,0,0
BRDA:116,22,1,0
BRDA:122,23,0,0
BRDA:122,23,1,0
BRDA:140,24,0,0
BRDA:140,24,1,0
BRDA:151,25,0,0
BRDA:151,25,1,0
BRDA:169,26,0,0
BRDA:169,26,1,0
BRDA:178,27,0,0
BRDA:178,27,1,0
BRF:56
BRH:0
end_of_record
TN:
SF:app/api/accounts-mock/route.ts
FN:57,GET
FN:70,(anonymous_4)
FN:74,(anonymous_5)
FN:98,POST
FNF:4
FNH:0
FNDA:0,GET
FNDA:0,(anonymous_4)
FNDA:0,(anonymous_5)
FNDA:0,POST
DA:1,0
DA:4,0
DA:57,0
DA:58,0
DA:59,0
DA:60,0
DA:61,0
DA:62,0
DA:63,0
DA:65,0
DA:66,0
DA:70,0
DA:73,0
DA:74,0
DA:75,0
DA:82,0
DA:83,0
DA:85,0
DA:93,0
DA:94,0
DA:98,0
DA:99,0
DA:100,0
DA:101,0
DA:103,0
DA:104,0
DA:107,0
DA:108,0
DA:112,0
DA:126,0
DA:128,0
DA:131,0
DA:132,0
LF:33
LH:0
BRDA:62,0,0,0
BRDA:62,0,1,0
BRDA:63,1,0,0
BRDA:63,1,1,0
BRDA:65,2,0,0
BRDA:65,2,1,0
BRDA:73,3,0,0
BRDA:73,3,1,0
BRDA:75,4,0,0
BRDA:75,4,1,0
BRDA:75,4,2,0
BRDA:103,5,0,0
BRDA:103,5,1,0
BRDA:107,6,0,0
BRDA:107,6,1,0
BRF:15
BRH:0
end_of_record
TN:
SF:app/api/accounts/[id]/route.ts
FN:9,GET
FNF:1
FNH:0
FNDA:0,GET
DA:1,0
DA:2,0
DA:4,0
DA:5,0
DA:7,0
DA:9,0
DA:13,0
DA:14,0
DA:16,0
DA:22,0
DA:23,0
DA:24,0
DA:27,0
DA:28,0
DA:31,0
DA:33,0
DA:34,0
LF:17
LH:0
BRDA:5,0,0,0
BRDA:5,0,1,0
BRDA:22,1,0,0
BRDA:22,1,1,0
BRDA:27,2,0,0
BRDA:27,2,1,0
BRF:6
BRH:0
end_of_record
TN:
SF:app/api/accounts/import/route.ts
FN:11,mapIndustry
FN:30,parseExcelDate
FN:41,cleanPhone
FN:46,POST
FN:161,(anonymous_8)
FNF:5
FNH:0
FNDA:0,mapIndustry
FNDA:0,parseExcelDate
FNDA:0,cleanPhone
FNDA:0,POST
FNDA:0,(anonymous_8)
DA:1,0
DA:2,0
DA:3,0
DA:5,0
DA:6,0
DA:8,0
DA:12,0
DA:13,0
DA:26,0
DA:31,0
DA:32,0
DA:33,0
DA:34,0
DA:35,0
DA:37,0
DA:42,0
DA:43,0
DA:46,0
DA:47,0
DA:48,0
DA:49,0
DA:50,0
DA:51,0
DA:53,0
DA:54,0
DA:57,0
DA:58,0
DA:62,0
DA:63,0
DA:64,0
DA:67,0
DA:68,0
DA:71,0
DA:73,0
DA:74,0
DA:78,0
DA:86,0
DA:87,0
DA:89,0
DA:90,0
DA:93,0
DA:94,0
DA:95,0
DA:98,0
DA:101,0
DA:108,0
DA:109,0
DA:110,0
DA:111,0
DA:115,0
DA:161,0
DA:162,0
DA:165,0
DA:169,0
DA:172,0
DA:173,0
DA:178,0
DA:179,0
DA:181,0
DA:189,0
DA:190,0
DA:195,0
DA:196,0
DA:198,0
DA:202,0
DA:209,0
DA:210,0
LF:67
LH:0
BRDA:6,0,0,0
BRDA:6,0,1,0
BRDA:12,1,0,0
BRDA:12,1,1,0
BRDA:26,2,0,0
BRDA:26,2,1,0
BRDA:31,3,0,0
BRDA:31,3,1,0
BRDA:33,4,0,0
BRDA:33,4,1,0
BRDA:42,5,0,0
BRDA:42,5,1,0
BRDA:53,6,0,0
BRDA:53,6,1,0
BRDA:57,7,0,0
BRDA:57,7,1,0
BRDA:57,8,0,0
BRDA:57,8,1,0
BRDA:73,9,0,0
BRDA:73,9,1,0
BRDA:73,10,0,0
BRDA:73,10,1,0
BRDA:93,11,0,0
BRDA:93,11,1,0
BRDA:93,12,0,0
BRDA:93,12,1,0
BRDA:108,13,0,0
BRDA:108,13,1,0
BRDA:140,14,0,0
BRDA:140,14,1,0
BRDA:141,15,0,0
BRDA:141,15,1,0
BRDA:162,16,0,0
BRDA:162,16,1,0
BRDA:162,17,0,0
BRDA:162,17,1,0
BRDA:162,17,2,0
BRDA:172,18,0,0
BRDA:172,18,1,0
BRDA:178,19,0,0
BRDA:178,19,1,0
BRDA:189,20,0,0
BRDA:189,20,1,0
BRDA:195,21,0,0
BRDA:195,21,1,0
BRF:45
BRH:0
end_of_record
TN:
SF:app/api/accounts/setup/route.ts
FN:10,POST
FN:60,(anonymous_2)
FN:65,(anonymous_3)
FN:74,(anonymous_4)
FN:76,(anonymous_5)
FNF:5
FNH:0
FNDA:0,POST
FNDA:0,(anonymous_2)
FNDA:0,(anonymous_3)
FNDA:0,(anonymous_4)
FNDA:0,(anonymous_5)
DA:1,0
DA:2,0
DA:5,0
DA:6,0
DA:8,0
DA:10,0
DA:11,0
DA:12,0
DA:14,0
DA:16,0
DA:21,0
DA:22,0
DA:28,0
DA:29,0
DA:33,0
DA:37,0
DA:44,0
DA:46,0
DA:50,0
DA:55,0
DA:60,0
DA:61,0
DA:62,0
DA:65,0
DA:66,0
DA:67,0
DA:70,0
DA:74,0
DA:77,0
DA:78,0
DA:83,0
DA:86,0
DA:87,0
LF:33
LH:0
BRDA:6,0,0,0
BRDA:6,0,1,0
BRDA:14,1,0,0
BRDA:14,1,1,0
BRDA:21,2,0,0
BRDA:21,2,1,0
BRDA:21,3,0,0
BRDA:21,3,1,0
BRDA:28,4,0,0
BRDA:28,4,1,0
BRDA:39,5,0,0
BRDA:39,5,1,0
BRDA:40,6,0,0
BRDA:40,6,1,0
BRDA:44,7,0,0
BRDA:44,7,1,0
BRDA:61,8,0,0
BRDA:61,8,1,0
BRDA:66,9,0,0
BRDA:66,9,1,0
BRDA:73,10,0,0
BRDA:73,10,1,0
BRF:22
BRH:0
end_of_record
TN:
SF:app/api/activities/route.ts
FN:9,GET
FN:70,POST
FN:139,PUT
FN:180,DELETE
FNF:4
FNH:0
FNDA:0,GET
FNDA:0,POST
FNDA:0,PUT
FNDA:0,DELETE
DA:1,0
DA:2,0
DA:4,0
DA:9,0
DA:10,0
DA:11,0
DA:12,0
DA:13,0
DA:14,0
DA:15,0
DA:16,0
DA:17,0
DA:18,0
DA:20,0
DA:21,0
DA:24,0
DA:32,0
DA:33,0
DA:34,0
DA:35,0
DA:36,0
DA:38,0
DA:40,0
DA:41,0
DA:42,0
DA:46,0
DA:52,0
DA:65,0
DA:66,0
DA:70,0
DA:71,0
DA:72,0
DA:92,0
DA:94,0
DA:95,0
DA:100,0
DA:126,0
DA:127,0
DA:128,0
DA:131,0
DA:134,0
DA:135,0
DA:139,0
DA:140,0
DA:141,0
DA:142,0
DA:144,0
DA:145,0
DA:148,0
DA:149,0
DA:150,0
DA:151,0
DA:152,0
DA:153,0
DA:154,0
DA:155,0
DA:156,0
DA:157,0
DA:160,0
DA:167,0
DA:168,0
DA:169,0
DA:172,0
DA:175,0
DA:176,0
DA:180,0
DA:181,0
DA:182,0
DA:183,0
DA:185,0
DA:186,0
DA:189,0
DA:190,0
DA:195,0
DA:196,0
DA:197,0
DA:200,0
DA:203,0
DA:205,0
DA:206,0
LF:80
LH:0
BRDA:18,0,0,0
BRDA:18,0,1,0
BRDA:20,1,0,0
BRDA:20,1,1,0
BRDA:32,2,0,0
BRDA:32,2,1,0
BRDA:33,3,0,0
BRDA:33,3,1,0
BRDA:34,4,0,0
BRDA:34,4,1,0
BRDA:35,5,0,0
BRDA:35,5,1,0
BRDA:36,6,0,0
BRDA:36,6,1,0
BRDA:40,7,0,0
BRDA:40,7,1,0
BRDA:53,8,0,0
BRDA:53,8,1,0
BRDA:54,9,0,0
BRDA:54,9,1,0
BRDA:94,10,0,0
BRDA:94,10,1,0
BRDA:94,11,0,0
BRDA:94,11,1,0
BRDA:94,11,2,0
BRDA:117,12,0,0
BRDA:117,12,1,0
BRDA:126,13,0,0
BRDA:126,13,1,0
BRDA:144,14,0,0
BRDA:144,14,1,0
BRDA:149,15,0,0
BRDA:149,15,1,0
BRDA:150,16,0,0
BRDA:150,16,1,0
BRDA:151,17,0,0
BRDA:151,17,1,0
BRDA:152,18,0,0
BRDA:152,18,1,0
BRDA:153,19,0,0
BRDA:153,19,1,0
BRDA:154,20,0,0
BRDA:154,20,1,0
BRDA:155,21,0,0
BRDA:155,21,1,0
BRDA:156,22,0,0
BRDA:156,22,1,0
BRDA:156,23,0,0
BRDA:156,23,1,0
BRDA:167,24,0,0
BRDA:167,24,1,0
BRDA:185,25,0,0
BRDA:185,25,1,0
BRDA:189,26,0,0
BRDA:189,26,1,0
BRDA:195,27,0,0
BRDA:195,27,1,0
BRF:57
BRH:0
end_of_record
TN:
SF:app/api/admin/account-fields/route.ts
FN:10,GET
FN:39,POST
FN:74,PUT
FN:84,(anonymous_8)
FN:122,DELETE
FNF:5
FNH:0
FNDA:0,GET
FNDA:0,POST
FNDA:0,PUT
FNDA:0,(anonymous_8)
FNDA:0,DELETE
DA:1,0
DA:2,0
DA:4,0
DA:5,0
DA:7,0
DA:10,0
DA:11,0
DA:12,0
DA:13,0
DA:15,0
DA:16,0
DA:19,0
DA:26,0
DA:27,0
DA:28,0
DA:31,0
DA:33,0
DA:34,0
DA:39,0
DA:40,0
DA:41,0
DA:42,0
DA:44,0
DA:45,0
DA:49,0
DA:61,0
DA:62,0
DA:63,0
DA:66,0
DA:68,0
DA:69,0
DA:74,0
DA:75,0
DA:76,0
DA:77,0
DA:79,0
DA:80,0
DA:84,0
DA:85,0
DA:100,0
DA:101,0
DA:102,0
DA:105,0
DA:108,0
DA:110,0
DA:116,0
DA:117,0
DA:122,0
DA:123,0
DA:124,0
DA:125,0
DA:126,0
DA:128,0
DA:129,0
DA:133,0
DA:140,0
DA:141,0
DA:145,0
DA:151,0
DA:152,0
DA:153,0
DA:156,0
DA:158,0
DA:159,0
LF:64
LH:0
BRDA:5,0,0,0
BRDA:5,0,1,0
BRDA:15,1,0,0
BRDA:15,1,1,0
BRDA:26,2,0,0
BRDA:26,2,1,0
BRDA:31,3,0,0
BRDA:31,3,1,0
BRDA:44,4,0,0
BRDA:44,4,1,0
BRDA:44,5,0,0
BRDA:44,5,1,0
BRDA:61,6,0,0
BRDA:61,6,1,0
BRDA:79,7,0,0
BRDA:79,7,1,0
BRDA:79,8,0,0
BRDA:79,8,1,0
BRDA:79,8,2,0
BRDA:100,9,0,0
BRDA:100,9,1,0
BRDA:128,10,0,0
BRDA:128,10,1,0
BRDA:128,11,0,0
BRDA:128,11,1,0
BRDA:140,12,0,0
BRDA:140,12,1,0
BRDA:151,13,0,0
BRDA:151,13,1,0
BRF:29
BRH:0
end_of_record
TN:
SF:app/api/admin/companies/route.ts
FN:11,GET
FN:51,POST
FN:99,PUT
FN:138,DELETE
FN:152,(anonymous_9)
FNF:5
FNH:0
FNDA:0,GET
FNDA:0,POST
FNDA:0,PUT
FNDA:0,DELETE
FNDA:0,(anonymous_9)
DA:1,0
DA:2,0
DA:3,0
DA:5,0
DA:6,0
DA:7,0
DA:8,0
DA:11,0
DA:12,0
DA:13,0
DA:14,0
DA:16,0
DA:18,0
DA:20,0
DA:21,0
DA:27,0
DA:30,0
DA:32,0
DA:33,0
DA:39,0
DA:42,0
DA:43,0
DA:51,0
DA:52,0
DA:53,0
DA:56,0
DA:57,0
DA:64,0
DA:72,0
DA:73,0
DA:80,0
DA:88,0
DA:90,0
DA:91,0
DA:99,0
DA:100,0
DA:101,0
DA:102,0
DA:104,0
DA:105,0
DA:112,0
DA:119,0
DA:120,0
DA:121,0
DA:127,0
DA:129,0
DA:130,0
DA:138,0
DA:139,0
DA:140,0
DA:141,0
DA:143,0
DA:144,0
DA:151,0
DA:152,0
DA:154,0
DA:156,0
DA:157,0
DA:164,0
DA:165,0
DA:174,0
DA:176,0
DA:177,0
LF:63
LH:0
BRDA:6,0,0,0
BRDA:6,0,1,0
BRDA:16,1,0,0
BRDA:16,1,1,0
BRDA:20,2,0,0
BRDA:20,2,1,0
BRDA:32,3,0,0
BRDA:32,3,1,0
BRDA:56,4,0,0
BRDA:56,4,1,0
BRDA:56,5,0,0
BRDA:56,5,1,0
BRDA:56,5,2,0
BRDA:56,5,3,0
BRDA:56,5,4,0
BRDA:56,5,5,0
BRDA:72,6,0,0
BRDA:72,6,1,0
BRDA:104,7,0,0
BRDA:104,7,1,0
BRDA:119,8,0,0
BRDA:119,8,1,0
BRDA:143,9,0,0
BRDA:143,9,1,0
BRDA:156,10,0,0
BRDA:156,10,1,0
BRDA:164,11,0,0
BRDA:164,11,1,0
BRF:28
BRH:0
end_of_record
TN:
SF:app/api/admin/contact-fields/route.ts
FN:10,GET
FN:39,POST
FN:74,PUT
FN:84,(anonymous_8)
FN:122,DELETE
FNF:5
FNH:0
FNDA:0,GET
FNDA:0,POST
FNDA:0,PUT
FNDA:0,(anonymous_8)
FNDA:0,DELETE
DA:1,0
DA:2,0
DA:4,0
DA:5,0
DA:7,0
DA:10,0
DA:11,0
DA:12,0
DA:13,0
DA:15,0
DA:16,0
DA:19,0
DA:26,0
DA:27,0
DA:28,0
DA:31,0
DA:33,0
DA:34,0
DA:39,0
DA:40,0
DA:41,0
DA:42,0
DA:44,0
DA:45,0
DA:49,0
DA:61,0
DA:62,0
DA:63,0
DA:66,0
DA:68,0
DA:69,0
DA:74,0
DA:75,0
DA:76,0
DA:77,0
DA:79,0
DA:80,0
DA:84,0
DA:85,0
DA:100,0
DA:101,0
DA:102,0
DA:105,0
DA:108,0
DA:110,0
DA:116,0
DA:117,0
DA:122,0
DA:123,0
DA:124,0
DA:125,0
DA:126,0
DA:128,0
DA:129,0
DA:133,0
DA:140,0
DA:141,0
DA:145,0
DA:151,0
DA:152,0
DA:153,0
DA:156,0
DA:158,0
DA:159,0
LF:64
LH:0
BRDA:5,0,0,0
BRDA:5,0,1,0
BRDA:15,1,0,0
BRDA:15,1,1,0
BRDA:26,2,0,0
BRDA:26,2,1,0
BRDA:31,3,0,0
BRDA:31,3,1,0
BRDA:44,4,0,0
BRDA:44,4,1,0
BRDA:44,5,0,0
BRDA:44,5,1,0
BRDA:61,6,0,0
BRDA:61,6,1,0
BRDA:79,7,0,0
BRDA:79,7,1,0
BRDA:79,8,0,0
BRDA:79,8,1,0
BRDA:79,8,2,0
BRDA:100,9,0,0
BRDA:100,9,1,0
BRDA:128,10,0,0
BRDA:128,10,1,0
BRDA:128,11,0,0
BRDA:128,11,1,0
BRDA:140,12,0,0
BRDA:140,12,1,0
BRDA:151,13,0,0
BRDA:151,13,1,0
BRF:29
BRH:0
end_of_record
TN:
SF:app/api/admin/lead-fields/route.ts
FN:10,GET
FN:39,PUT
FN:49,(anonymous_5)
FNF:3
FNH:0
FNDA:0,GET
FNDA:0,PUT
FNDA:0,(anonymous_5)
DA:1,0
DA:2,0
DA:4,0
DA:5,0
DA:7,0
DA:10,0
DA:11,0
DA:12,0
DA:13,0
DA:15,0
DA:16,0
DA:19,0
DA:26,0
DA:27,0
DA:28,0
DA:31,0
DA:33,0
DA:34,0
DA:39,0
DA:40,0
DA:41,0
DA:42,0
DA:44,0
DA:45,0
DA:49,0
DA:50,0
DA:60,0
DA:61,0
DA:64,0
DA:72,0
DA:73,0
DA:74,0
DA:77,0
DA:80,0
DA:82,0
DA:88,0
DA:89,0
LF:37
LH:0
BRDA:5,0,0,0
BRDA:5,0,1,0
BRDA:15,1,0,0
BRDA:15,1,1,0
BRDA:26,2,0,0
BRDA:26,2,1,0
BRDA:31,3,0,0
BRDA:31,3,1,0
BRDA:44,4,0,0
BRDA:44,4,1,0
BRDA:44,5,0,0
BRDA:44,5,1,0
BRDA:44,5,2,0
BRDA:60,6,0,0
BRDA:60,6,1,0
BRDA:72,7,0,0
BRDA:72,7,1,0
BRF:17
BRH:0
end_of_record
TN:
SF:app/api/admin/product-fields/route.ts
FN:10,GET
FN:39,PUT
FN:49,(anonymous_5)
FNF:3
FNH:0
FNDA:0,GET
FNDA:0,PUT
FNDA:0,(anonymous_5)
DA:1,0
DA:2,0
DA:4,0
DA:5,0
DA:7,0
DA:10,0
DA:11,0
DA:12,0
DA:13,0
DA:15,0
DA:16,0
DA:19,0
DA:26,0
DA:27,0
DA:28,0
DA:31,0
DA:33,0
DA:34,0
DA:39,0
DA:40,0
DA:41,0
DA:42,0
DA:44,0
DA:45,0
DA:49,0
DA:50,0
DA:65,0
DA:66,0
DA:67,0
DA:70,0
DA:73,0
DA:75,0
DA:81,0
DA:82,0
LF:34
LH:0
BRDA:5,0,0,0
BRDA:5,0,1,0
BRDA:15,1,0,0
BRDA:15,1,1,0
BRDA:26,2,0,0
BRDA:26,2,1,0
BRDA:31,3,0,0
BRDA:31,3,1,0
BRDA:44,4,0,0
BRDA:44,4,1,0
BRDA:44,5,0,0
BRDA:44,5,1,0
BRDA:44,5,2,0
BRDA:65,6,0,0
BRDA:65,6,1,0
BRF:15
BRH:0
end_of_record
TN:
SF:app/api/admin/roles/route.ts
FN:5,GET
FNF:1
FNH:0
FNDA:0,GET
DA:1,0
DA:2,0
DA:5,0
DA:6,0
DA:7,0
DA:9,0
DA:10,0
DA:16,0
DA:18,0
DA:19,0
LF:10
LH:0
BRDA:9,0,0,0
BRDA:9,0,1,0
BRF:2
BRH:0
end_of_record
TN:
SF:app/api/admin/users/route.ts
FN:5,GET
FN:37,POST
FN:106,PUT
FN:143,DELETE
FNF:4
FNH:0
FNDA:0,GET
FNDA:0,POST
FNDA:0,PUT
FNDA:0,DELETE
DA:1,0
DA:2,0
DA:5,0
DA:6,0
DA:7,0
DA:8,0
DA:10,0
DA:11,0
DA:17,0
DA:19,0
DA:20,0
DA:26,0
DA:28,0
DA:29,0
DA:37,0
DA:38,0
DA:39,0
DA:42,0
DA:43,0
DA:50,0
DA:51,0
DA:52,0
DA:58,0
DA:67,0
DA:68,0
DA:75,0
DA:85,0
DA:86,0
DA:95,0
DA:97,0
DA:98,0
DA:106,0
DA:107,0
DA:108,0
DA:110,0
DA:111,0
DA:117,0
DA:125,0
DA:126,0
DA:132,0
DA:134,0
DA:135,0
DA:143,0
DA:144,0
DA:145,0
DA:146,0
DA:148,0
DA:149,0
DA:156,0
DA:157,0
DA:159,0
DA:161,0
DA:162,0
DA:169,0
DA:170,0
DA:180,0
DA:181,0
DA:191,0
DA:193,0
DA:194,0
LF:60
LH:0
BRDA:10,0,0,0
BRDA:10,0,1,0
BRDA:19,1,0,0
BRDA:19,1,1,0
BRDA:42,2,0,0
BRDA:42,2,1,0
BRDA:42,3,0,0
BRDA:42,3,1,0
BRDA:42,3,2,0
BRDA:42,3,3,0
BRDA:42,3,4,0
BRDA:51,4,0,0
BRDA:51,4,1,0
BRDA:64,5,0,0
BRDA:64,5,1,0
BRDA:67,6,0,0
BRDA:67,6,1,0
BRDA:85,7,0,0
BRDA:85,7,1,0
BRDA:110,8,0,0
BRDA:110,8,1,0
BRDA:125,9,0,0
BRDA:125,9,1,0
BRDA:148,10,0,0
BRDA:148,10,1,0
BRDA:157,11,0,0
BRDA:157,11,1,0
BRDA:161,12,0,0
BRDA:161,12,1,0
BRDA:169,13,0,0
BRDA:169,13,1,0
BRDA:180,14,0,0
BRDA:180,14,1,0
BRF:33
BRH:0
end_of_record
TN:
SF:app/api/amc/route.ts
FN:9,GET
FN:36,POST
FN:79,PUT
FN:114,DELETE
FNF:4
FNH:0
FNDA:0,GET
FNDA:0,POST
FNDA:0,PUT
FNDA:0,DELETE
DA:1,0
DA:2,0
DA:4,0
DA:5,0
DA:7,0
DA:9,0
DA:10,0
DA:11,0
DA:16,0
DA:18,0
DA:19,0
DA:20,0
DA:26,0
DA:28,0
DA:29,0
DA:36,0
DA:37,0
DA:38,0
DA:40,0
DA:41,0
DA:42,0
DA:44,0
DA:46,0
DA:53,0
DA:55,0
DA:61,0
DA:62,0
DA:63,0
DA:69,0
DA:71,0
DA:72,0
DA:79,0
DA:80,0
DA:81,0
DA:82,0
DA:84,0
DA:89,0
DA:96,0
DA:97,0
DA:98,0
DA:104,0
DA:106,0
DA:107,0
DA:114,0
DA:115,0
DA:116,0
DA:117,0
DA:119,0
DA:120,0
DA:126,0
DA:131,0
DA:132,0
DA:133,0
DA:139,0
DA:141,0
DA:142,0
LF:56
LH:0
BRDA:5,0,0,0
BRDA:5,0,1,0
BRDA:18,1,0,0
BRDA:18,1,1,0
BRDA:44,2,0,0
BRDA:44,2,1,0
BRDA:61,3,0,0
BRDA:61,3,1,0
BRDA:96,4,0,0
BRDA:96,4,1,0
BRDA:119,5,0,0
BRDA:119,5,1,0
BRDA:131,6,0,0
BRDA:131,6,1,0
BRF:14
BRH:0
end_of_record
TN:
SF:app/api/auth/admin-login/route.ts
FN:5,POST
FNF:1
FNH:0
FNDA:0,POST
DA:1,0
DA:2,0
DA:5,0
DA:6,0
DA:7,0
DA:10,0
DA:11,0
DA:18,0
DA:20,0
DA:21,0
DA:24,0
DA:26,0
DA:28,0
DA:36,0
DA:41,0
DA:42,0
LF:16
LH:0
BRDA:10,0,0,0
BRDA:10,0,1,0
BRDA:10,1,0,0
BRDA:10,1,1,0
BRDA:20,2,0,0
BRDA:20,2,1,0
BRDA:20,3,0,0
BRDA:20,3,1,0
BRDA:24,4,0,0
BRDA:24,4,1,0
BRDA:24,5,0,0
BRDA:24,5,1,0
BRDA:24,5,2,0
BRDA:24,5,3,0
BRF:14
BRH:0
end_of_record
TN:
SF:app/api/auth/change-password/route.ts
FN:4,POST
FNF:1
FNH:0
FNDA:0,POST
DA:1,0
DA:2,0
DA:4,0
DA:5,0
DA:6,0
DA:9,0
DA:10,0
DA:17,0
DA:18,0
DA:25,0
DA:26,0
DA:33,0
DA:35,0
DA:36,0
DA:44,0
DA:51,0
DA:53,0
DA:55,0
DA:56,0
DA:63,0
DA:64,0
DA:65,0
DA:73,0
DA:75,0
DA:76,0
DA:81,0
DA:87,0
DA:88,0
DA:94,0
DA:95,0
LF:30
LH:0
BRDA:9,0,0,0
BRDA:9,0,1,0
BRDA:9,1,0,0
BRDA:9,1,1,0
BRDA:17,2,0,0
BRDA:17,2,1,0
BRDA:17,3,0,0
BRDA:17,3,1,0
BRDA:25,4,0,0
BRDA:25,4,1,0
BRDA:33,5,0,0
BRDA:33,5,1,0
BRDA:35,6,0,0
BRDA:35,6,1,0
BRDA:35,7,0,0
BRDA:35,7,1,0
BRDA:35,7,2,0
BRDA:55,8,0,0
BRDA:55,8,1,0
BRDA:55,9,0,0
BRDA:55,9,1,0
BRDA:63,10,0,0
BRDA:63,10,1,0
BRDA:64,11,0,0
BRDA:64,11,1,0
BRDA:75,12,0,0
BRDA:75,12,1,0
BRDA:78,13,0,0
BRDA:78,13,1,0
BRF:29
BRH:0
end_of_record
TN:
SF:app/api/auth/login/route.ts
FN:5,POST
FNF:1
FNH:0
FNDA:0,POST
DA:1,0
DA:2,0
DA:5,0
DA:6,0
DA:7,0
DA:10,0
DA:11,0
DA:18,0
DA:19,0
DA:26,0
DA:27,0
DA:46,0
DA:55,0
DA:56,0
DA:58,0
DA:59,0
DA:62,0
DA:64,0
DA:67,0
DA:76,0
DA:78,0
DA:80,0
DA:86,0
DA:94,0
DA:98,0
DA:103,0
DA:104,0
LF:27
LH:0
BRDA:10,0,0,0
BRDA:10,0,1,0
BRDA:10,1,0,0
BRDA:10,1,1,0
BRDA:18,2,0,0
BRDA:18,2,1,0
BRDA:26,3,0,0
BRDA:26,3,1,0
BRDA:26,4,0,0
BRDA:26,4,1,0
BRDA:58,5,0,0
BRDA:58,5,1,0
BRDA:58,6,0,0
BRDA:58,6,1,0
BRDA:62,7,0,0
BRDA:62,7,1,0
BRDA:62,8,0,0
BRDA:62,8,1,0
BRDA:62,8,2,0
BRDA:62,8,3,0
BRDA:76,9,0,0
BRDA:76,9,1,0
BRF:22
BRH:0
end_of_record
TN:
SF:app/api/cases/route.ts
FN:9,GET
FN:38,POST
FN:99,PUT
FN:136,DELETE
FNF:4
FNH:0
FNDA:0,GET
FNDA:0,POST
FNDA:0,PUT
FNDA:0,DELETE
DA:1,0
DA:2,0
DA:4,0
DA:9,0
DA:10,0
DA:11,0
DA:13,0
DA:18,0
DA:19,0
DA:20,0
DA:26,0
DA:27,0
DA:30,0
DA:31,0
DA:38,0
DA:39,0
DA:40,0
DA:41,0
DA:42,0
DA:45,0
DA:46,0
DA:47,0
DA:48,0
DA:55,0
DA:56,0
DA:57,0
DA:58,0
DA:61,0
DA:65,0
DA:69,0
DA:70,0
DA:73,0
DA:79,0
DA:80,0
DA:81,0
DA:87,0
DA:88,0
DA:91,0
DA:92,0
DA:99,0
DA:100,0
DA:101,0
DA:102,0
DA:103,0
DA:105,0
DA:106,0
DA:109,0
DA:116,0
DA:117,0
DA:118,0
DA:124,0
DA:125,0
DA:128,0
DA:129,0
DA:136,0
DA:137,0
DA:138,0
DA:139,0
DA:140,0
DA:142,0
DA:143,0
DA:146,0
DA:151,0
DA:152,0
DA:153,0
DA:159,0
DA:160,0
DA:163,0
DA:164,0
LF:69
LH:0
BRDA:18,0,0,0
BRDA:18,0,1,0
BRDA:26,1,0,0
BRDA:26,1,1,0
BRDA:27,2,0,0
BRDA:27,2,1,0
BRDA:33,3,0,0
BRDA:33,3,1,0
BRDA:45,4,0,0
BRDA:45,4,1,0
BRDA:56,5,0,0
BRDA:56,5,1,0
BRDA:56,6,0,0
BRDA:56,6,1,0
BRDA:65,7,0,0
BRDA:65,7,1,0
BRDA:66,8,0,0
BRDA:66,8,1,0
BRDA:69,9,0,0
BRDA:69,9,1,0
BRDA:79,10,0,0
BRDA:79,10,1,0
BRDA:94,11,0,0
BRDA:94,11,1,0
BRDA:105,12,0,0
BRDA:105,12,1,0
BRDA:116,13,0,0
BRDA:116,13,1,0
BRDA:131,14,0,0
BRDA:131,14,1,0
BRDA:142,15,0,0
BRDA:142,15,1,0
BRDA:151,16,0,0
BRDA:151,16,1,0
BRDA:166,17,0,0
BRDA:166,17,1,0
BRF:36
BRH:0
end_of_record
TN:
SF:app/api/complaints/route.ts
FN:9,GET
FN:67,POST
FN:169,PUT
FN:205,DELETE
FNF:4
FNH:0
FNDA:0,GET
FNDA:0,POST
FNDA:0,PUT
FNDA:0,DELETE
DA:1,0
DA:2,0
DA:4,0
DA:5,0
DA:7,0
DA:9,0
DA:10,0
DA:11,0
DA:12,0
DA:15,0
DA:19,0
DA:20,0
DA:22,0
DA:26,0
DA:31,0
DA:32,0
DA:34,0
DA:37,0
DA:47,0
DA:49,0
DA:50,0
DA:51,0
DA:57,0
DA:59,0
DA:60,0
DA:67,0
DA:68,0
DA:69,0
DA:71,0
DA:72,0
DA:73,0
DA:75,0
DA:76,0
DA:100,0
DA:103,0
DA:104,0
DA:105,0
DA:106,0
DA:107,0
DA:110,0
DA:142,0
DA:143,0
DA:145,0
DA:151,0
DA:152,0
DA:153,0
DA:159,0
DA:161,0
DA:162,0
DA:169,0
DA:170,0
DA:171,0
DA:172,0
DA:173,0
DA:175,0
DA:180,0
DA:187,0
DA:188,0
DA:189,0
DA:195,0
DA:197,0
DA:198,0
DA:205,0
DA:206,0
DA:207,0
DA:208,0
DA:210,0
DA:211,0
DA:217,0
DA:222,0
DA:223,0
DA:224,0
DA:230,0
DA:232,0
DA:233,0
LF:75
LH:0
BRDA:5,0,0,0
BRDA:5,0,1,0
BRDA:12,1,0,0
BRDA:12,1,1,0
BRDA:19,2,0,0
BRDA:19,2,1,0
BRDA:31,3,0,0
BRDA:31,3,1,0
BRDA:49,4,0,0
BRDA:49,4,1,0
BRDA:75,5,0,0
BRDA:75,5,1,0
BRDA:104,6,0,0
BRDA:104,6,1,0
BRDA:106,7,0,0
BRDA:106,7,1,0
BRDA:112,8,0,0
BRDA:112,8,1,0
BRDA:113,9,0,0
BRDA:113,9,1,0
BRDA:114,10,0,0
BRDA:114,10,1,0
BRDA:115,11,0,0
BRDA:115,11,1,0
BRDA:116,12,0,0
BRDA:116,12,1,0
BRDA:117,13,0,0
BRDA:117,13,1,0
BRDA:121,14,0,0
BRDA:121,14,1,0
BRDA:122,15,0,0
BRDA:122,15,1,0
BRDA:123,16,0,0
BRDA:123,16,1,0
BRDA:124,17,0,0
BRDA:124,17,1,0
BRDA:125,18,0,0
BRDA:125,18,1,0
BRDA:126,19,0,0
BRDA:126,19,1,0
BRDA:127,20,0,0
BRDA:127,20,1,0
BRDA:128,21,0,0
BRDA:128,21,1,0
BRDA:129,22,0,0
BRDA:129,22,1,0
BRDA:129,23,0,0
BRDA:129,23,1,0
BRDA:130,24,0,0
BRDA:130,24,1,0
BRDA:151,25,0,0
BRDA:151,25,1,0
BRDA:187,26,0,0
BRDA:187,26,1,0
BRDA:210,27,0,0
BRDA:210,27,1,0
BRDA:222,28,0,0
BRDA:222,28,1,0
BRF:58
BRH:0
end_of_record
TN:
SF:app/api/contacts/route.ts
FN:9,GET
FN:39,(anonymous_6)
FN:66,POST
FN:99,(anonymous_8)
FN:130,PUT
FN:155,(anonymous_10)
FN:185,DELETE
FNF:7
FNH:0
FNDA:0,GET
FNDA:0,(anonymous_6)
FNDA:0,POST
FNDA:0,(anonymous_8)
FNDA:0,PUT
FNDA:0,(anonymous_10)
FNDA:0,DELETE
DA:1,0
DA:2,0
DA:4,0
DA:5,0
DA:7,0
DA:9,0
DA:10,0
DA:11,0
DA:12,0
DA:13,0
DA:16,0
DA:22,0
DA:23,0
DA:26,0
DA:27,0
DA:30,0
DA:32,0
DA:33,0
DA:34,0
DA:38,0
DA:40,0
DA:41,0
DA:47,0
DA:52,0
DA:56,0
DA:61,0
DA:62,0
DA:66,0
DA:67,0
DA:68,0
DA:69,0
DA:71,0
DA:72,0
DA:76,0
DA:77,0
DA:78,0
DA:79,0
DA:84,0
DA:85,0
DA:86,0
DA:92,0
DA:93,0
DA:98,0
DA:99,0
DA:100,0
DA:101,0
DA:105,0
DA:118,0
DA:119,0
DA:120,0
DA:123,0
DA:125,0
DA:126,0
DA:130,0
DA:131,0
DA:132,0
DA:133,0
DA:135,0
DA:136,0
DA:140,0
DA:141,0
DA:142,0
DA:148,0
DA:149,0
DA:154,0
DA:155,0
DA:156,0
DA:157,0
DA:161,0
DA:173,0
DA:174,0
DA:175,0
DA:178,0
DA:180,0
DA:181,0
DA:185,0
DA:186,0
DA:187,0
DA:188,0
DA:190,0
DA:191,0
DA:194,0
DA:199,0
DA:200,0
DA:201,0
DA:204,0
DA:206,0
DA:207,0
LF:88
LH:0
BRDA:5,0,0,0
BRDA:5,0,1,0
BRDA:22,1,0,0
BRDA:22,1,1,0
BRDA:26,2,0,0
BRDA:26,2,1,0
BRDA:32,3,0,0
BRDA:32,3,1,0
BRDA:39,4,0,0
BRDA:39,4,1,0
BRDA:40,5,0,0
BRDA:40,5,1,0
BRDA:57,6,0,0
BRDA:57,6,1,0
BRDA:58,7,0,0
BRDA:58,7,1,0
BRDA:71,8,0,0
BRDA:71,8,1,0
BRDA:78,9,0,0
BRDA:78,9,1,0
BRDA:85,10,0,0
BRDA:85,10,1,0
BRDA:92,11,0,0
BRDA:92,11,1,0
BRDA:100,12,0,0
BRDA:100,12,1,0
BRDA:100,13,0,0
BRDA:100,13,1,0
BRDA:109,14,0,0
BRDA:109,14,1,0
BRDA:110,15,0,0
BRDA:110,15,1,0
BRDA:111,16,0,0
BRDA:111,16,1,0
BRDA:118,17,0,0
BRDA:118,17,1,0
BRDA:135,18,0,0
BRDA:135,18,1,0
BRDA:141,19,0,0
BRDA:141,19,1,0
BRDA:148,20,0,0
BRDA:148,20,1,0
BRDA:156,21,0,0
BRDA:156,21,1,0
BRDA:156,22,0,0
BRDA:156,22,1,0
BRDA:164,23,0,0
BRDA:164,23,1,0
BRDA:173,24,0,0
BRDA:173,24,1,0
BRDA:190,25,0,0
BRDA:190,25,1,0
BRDA:199,26,0,0
BRDA:199,26,1,0
BRF:54
BRH:0
end_of_record
TN:
SF:app/api/contacts/[id]/route.ts
FN:9,GET
FNF:1
FNH:0
FNDA:0,GET
DA:1,0
DA:2,0
DA:4,0
DA:5,0
DA:7,0
DA:9,0
DA:13,0
DA:14,0
DA:16,0
DA:22,0
DA:23,0
DA:24,0
DA:27,0
DA:28,0
DA:31,0
DA:33,0
DA:34,0
LF:17
LH:0
BRDA:5,0,0,0
BRDA:5,0,1,0
BRDA:22,1,0,0
BRDA:22,1,1,0
BRDA:27,2,0,0
BRDA:27,2,1,0
BRF:6
BRH:0
end_of_record
TN:
SF:app/api/deals/route.ts
FN:9,GET
FN:37,POST
FN:53,(anonymous_7)
FN:80,(anonymous_8)
FN:113,PUT
FN:173,DELETE
FNF:6
FNH:0
FNDA:0,GET
FNDA:0,POST
FNDA:0,(anonymous_7)
FNDA:0,(anonymous_8)
FNDA:0,PUT
FNDA:0,DELETE
DA:1,0
DA:2,0
DA:4,0
DA:5,0
DA:7,0
DA:9,0
DA:10,0
DA:12,0
DA:17,0
DA:19,0
DA:20,0
DA:21,0
DA:27,0
DA:29,0
DA:30,0
DA:37,0
DA:38,0
DA:39,0
DA:40,0
DA:43,0
DA:45,0
DA:53,0
DA:54,0
DA:55,0
DA:56,0
DA:58,0
DA:63,0
DA:69,0
DA:70,0
DA:71,0
DA:78,0
DA:79,0
DA:80,0
DA:89,0
DA:93,0
DA:94,0
DA:95,0
DA:96,0
DA:99,0
DA:103,0
DA:105,0
DA:106,0
DA:113,0
DA:114,0
DA:115,0
DA:116,0
DA:118,0
DA:123,0
DA:130,0
DA:131,0
DA:132,0
DA:139,0
DA:140,0
DA:141,0
DA:159,0
DA:163,0
DA:165,0
DA:166,0
DA:173,0
DA:174,0
DA:175,0
DA:176,0
DA:178,0
DA:179,0
DA:185,0
DA:190,0
DA:191,0
DA:192,0
DA:198,0
DA:200,0
DA:201,0
LF:71
LH:0
BRDA:5,0,0,0
BRDA:5,0,1,0
BRDA:19,1,0,0
BRDA:19,1,1,0
BRDA:43,2,0,0
BRDA:43,2,1,0
BRDA:54,3,0,0
BRDA:54,3,1,0
BRDA:54,4,0,0
BRDA:54,4,1,0
BRDA:54,4,2,0
BRDA:55,5,0,0
BRDA:55,5,1,0
BRDA:69,6,0,0
BRDA:69,6,1,0
BRDA:78,7,0,0
BRDA:78,7,1,0
BRDA:78,8,0,0
BRDA:78,8,1,0
BRDA:86,9,0,0
BRDA:86,9,1,0
BRDA:93,10,0,0
BRDA:93,10,1,0
BRDA:130,11,0,0
BRDA:130,11,1,0
BRDA:139,12,0,0
BRDA:139,12,1,0
BRDA:139,13,0,0
BRDA:139,13,1,0
BRDA:143,14,0,0
BRDA:143,14,1,0
BRDA:154,15,0,0
BRDA:154,15,1,0
BRDA:178,16,0,0
BRDA:178,16,1,0
BRDA:190,17,0,0
BRDA:190,17,1,0
BRF:37
BRH:0
end_of_record
TN:
SF:app/api/deals/[id]/products/route.ts
FN:9,GET
FNF:1
FNH:0
FNDA:0,GET
DA:1,0
DA:2,0
DA:4,0
DA:9,0
DA:13,0
DA:14,0
DA:16,0
DA:17,0
DA:21,0
DA:27,0
DA:28,0
DA:29,0
DA:32,0
DA:34,0
DA:35,0
LF:15
LH:0
BRDA:16,0,0,0
BRDA:16,0,1,0
BRDA:27,1,0,0
BRDA:27,1,1,0
BRDA:32,2,0,0
BRDA:32,2,1,0
BRF:6
BRH:0
end_of_record
TN:
SF:app/api/deals/fix-products/route.ts
FN:9,POST
FN:30,(anonymous_2)
FNF:2
FNH:0
FNDA:0,POST
FNDA:0,(anonymous_2)
DA:1,0
DA:2,0
DA:4,0
DA:5,0
DA:7,0
DA:9,0
DA:10,0
DA:11,0
DA:12,0
DA:14,0
DA:15,0
DA:21,0
DA:24,0
DA:30,0
DA:39,0
DA:43,0
DA:44,0
DA:45,0
DA:51,0
DA:53,0
DA:58,0
DA:59,0
LF:22
LH:0
BRDA:5,0,0,0
BRDA:5,0,1,0
BRDA:14,1,0,0
BRDA:14,1,1,0
BRDA:14,2,0,0
BRDA:14,2,1,0
BRDA:14,2,2,0
BRDA:32,3,0,0
BRDA:32,3,1,0
BRDA:36,4,0,0
BRDA:36,4,1,0
BRDA:43,5,0,0
BRDA:43,5,1,0
BRF:13
BRH:0
end_of_record
TN:
SF:app/api/document-folders/route.ts
FN:10,GET
FN:52,(anonymous_6)
FN:78,POST
FN:162,PUT
FN:212,DELETE
FNF:5
FNH:0
FNDA:0,GET
FNDA:0,(anonymous_6)
FNDA:0,POST
FNDA:0,PUT
FNDA:0,DELETE
DA:1,0
DA:2,0
DA:4,0
DA:10,0
DA:11,0
DA:12,0
DA:13,0
DA:14,0
DA:16,0
DA:37,0
DA:38,0
DA:40,0
DA:43,0
DA:45,0
DA:46,0
DA:47,0
DA:51,0
DA:53,0
DA:59,0
DA:66,0
DA:72,0
DA:73,0
DA:78,0
DA:79,0
DA:80,0
DA:90,0
DA:92,0
DA:93,0
DA:97,0
DA:105,0
DA:106,0
DA:110,0
DA:111,0
DA:113,0
DA:114,0
DA:120,0
DA:121,0
DA:122,0
DA:126,0
DA:145,0
DA:146,0
DA:147,0
DA:150,0
DA:156,0
DA:157,0
DA:162,0
DA:163,0
DA:164,0
DA:165,0
DA:167,0
DA:168,0
DA:171,0
DA:179,0
DA:181,0
DA:195,0
DA:196,0
DA:197,0
DA:200,0
DA:206,0
DA:207,0
DA:212,0
DA:213,0
DA:214,0
DA:215,0
DA:217,0
DA:218,0
DA:222,0
DA:228,0
DA:229,0
DA:235,0
DA:240,0
DA:241,0
DA:247,0
DA:253,0
DA:254,0
DA:259,0
DA:264,0
DA:265,0
DA:266,0
DA:269,0
DA:272,0
DA:273,0
LF:82
LH:0
BRDA:13,0,0,0
BRDA:13,0,1,0
BRDA:37,1,0,0
BRDA:37,1,1,0
BRDA:45,2,0,0
BRDA:45,2,1,0
BRDA:61,3,0,0
BRDA:61,3,1,0
BRDA:85,4,0,0
BRDA:88,5,0,0
BRDA:92,6,0,0
BRDA:92,6,1,0
BRDA:102,7,0,0
BRDA:102,7,1,0
BRDA:105,8,0,0
BRDA:105,8,1,0
BRDA:113,9,0,0
BRDA:113,9,1,0
BRDA:120,10,0,0
BRDA:120,10,1,0
BRDA:145,11,0,0
BRDA:145,11,1,0
BRDA:167,12,0,0
BRDA:167,12,1,0
BRDA:195,13,0,0
BRDA:195,13,1,0
BRDA:217,14,0,0
BRDA:217,14,1,0
BRDA:228,15,0,0
BRDA:228,15,1,0
BRDA:228,16,0,0
BRDA:228,16,1,0
BRDA:240,17,0,0
BRDA:240,17,1,0
BRDA:240,18,0,0
BRDA:240,18,1,0
BRDA:253,19,0,0
BRDA:253,19,1,0
BRDA:264,20,0,0
BRDA:264,20,1,0
BRF:40
BRH:0
end_of_record
TN:
SF:app/api/documents/route.ts
FN:10,GET
FN:116,POST
FN:213,PUT
FN:304,DELETE
FNF:4
FNH:0
FNDA:0,GET
FNDA:0,POST
FNDA:0,PUT
FNDA:0,DELETE
DA:1,0
DA:2,0
DA:4,0
DA:10,0
DA:11,0
DA:12,0
DA:13,0
DA:14,0
DA:15,0
DA:16,0
DA:17,0
DA:18,0
DA:19,0
DA:21,0
DA:60,0
DA:61,0
DA:65,0
DA:66,0
DA:70,0
DA:71,0
DA:74,0
DA:76,0
DA:77,0
DA:78,0
DA:82,0
DA:88,0
DA:89,0
DA:92,0
DA:93,0
DA:96,0
DA:97,0
DA:100,0
DA:102,0
DA:110,0
DA:111,0
DA:116,0
DA:117,0
DA:118,0
DA:133,0
DA:135,0
DA:136,0
DA:142,0
DA:143,0
DA:144,0
DA:150,0
DA:151,0
DA:155,0
DA:185,0
DA:186,0
DA:187,0
DA:191,0
DA:201,0
DA:207,0
DA:208,0
DA:213,0
DA:214,0
DA:215,0
DA:216,0
DA:218,0
DA:219,0
DA:222,0
DA:232,0
DA:236,0
DA:237,0
DA:243,0
DA:244,0
DA:248,0
DA:252,0
DA:253,0
DA:254,0
DA:255,0
DA:256,0
DA:257,0
DA:258,0
DA:260,0
DA:262,0
DA:276,0
DA:277,0
DA:278,0
DA:282,0
DA:292,0
DA:298,0
DA:299,0
DA:304,0
DA:305,0
DA:306,0
DA:307,0
DA:308,0
DA:309,0
DA:311,0
DA:312,0
DA:316,0
DA:326,0
DA:327,0
DA:328,0
DA:332,0
DA:342,0
DA:345,0
DA:346,0
LF:99
LH:0
BRDA:13,0,0,0
BRDA:13,0,1,0
BRDA:17,1,0,0
BRDA:17,1,1,0
BRDA:18,2,0,0
BRDA:18,2,1,0
BRDA:19,3,0,0
BRDA:19,3,1,0
BRDA:60,4,0,0
BRDA:60,4,1,0
BRDA:65,5,0,0
BRDA:65,5,1,0
BRDA:65,6,0,0
BRDA:65,6,1,0
BRDA:70,7,0,0
BRDA:70,7,1,0
BRDA:76,8,0,0
BRDA:76,8,1,0
BRDA:88,9,0,0
BRDA:88,9,1,0
BRDA:92,10,0,0
BRDA:92,10,1,0
BRDA:92,11,0,0
BRDA:92,11,1,0
BRDA:96,12,0,0
BRDA:96,12,1,0
BRDA:103,13,0,0
BRDA:103,13,1,0
BRDA:104,14,0,0
BRDA:104,14,1,0
BRDA:129,15,0,0
BRDA:132,16,0,0
BRDA:135,17,0,0
BRDA:135,17,1,0
BRDA:135,18,0,0
BRDA:135,18,1,0
BRDA:135,18,2,0
BRDA:143,19,0,0
BRDA:143,19,1,0
BRDA:150,20,0,0
BRDA:150,20,1,0
BRDA:185,21,0,0
BRDA:185,21,1,0
BRDA:218,22,0,0
BRDA:218,22,1,0
BRDA:236,23,0,0
BRDA:236,23,1,0
BRDA:243,24,0,0
BRDA:243,24,1,0
BRDA:252,25,0,0
BRDA:252,25,1,0
BRDA:253,26,0,0
BRDA:253,26,1,0
BRDA:254,27,0,0
BRDA:254,27,1,0
BRDA:255,28,0,0
BRDA:255,28,1,0
BRDA:256,29,0,0
BRDA:256,29,1,0
BRDA:260,30,0,0
BRDA:260,30,1,0
BRDA:276,31,0,0
BRDA:276,31,1,0
BRDA:311,32,0,0
BRDA:311,32,1,0
BRDA:326,33,0,0
BRDA:326,33,1,0
BRF:67
BRH:0
end_of_record
TN:
SF:app/api/documents/download/route.ts
FN:10,GET
FN:78,POST
FN:103,(anonymous_5)
FN:112,(anonymous_6)
FNF:4
FNH:0
FNDA:0,GET
FNDA:0,POST
FNDA:0,(anonymous_5)
FNDA:0,(anonymous_6)
DA:1,0
DA:2,0
DA:4,0
DA:10,0
DA:11,0
DA:12,0
DA:13,0
DA:14,0
DA:15,0
DA:17,0
DA:18,0
DA:22,0
DA:29,0
DA:30,0
DA:34,0
DA:35,0
DA:41,0
DA:51,0
DA:52,0
DA:64,0
DA:72,0
DA:73,0
DA:78,0
DA:79,0
DA:80,0
DA:81,0
DA:83,0
DA:84,0
DA:88,0
DA:94,0
DA:95,0
DA:98,0
DA:99,0
DA:103,0
DA:105,0
DA:106,0
DA:112,0
DA:114,0
DA:124,0
DA:125,0
DA:136,0
DA:145,0
DA:147,0
DA:154,0
DA:155,0
LF:45
LH:0
BRDA:17,0,0,0
BRDA:17,0,1,0
BRDA:29,1,0,0
BRDA:29,1,1,0
BRDA:29,2,0,0
BRDA:29,2,1,0
BRDA:34,3,0,0
BRDA:34,3,1,0
BRDA:44,4,0,0
BRDA:44,4,1,0
BRDA:51,5,0,0
BRDA:51,5,1,0
BRDA:83,6,0,0
BRDA:83,6,1,0
BRDA:83,7,0,0
BRDA:83,7,1,0
BRDA:83,7,2,0
BRDA:94,8,0,0
BRDA:94,8,1,0
BRDA:98,9,0,0
BRDA:98,9,1,0
BRDA:98,10,0,0
BRDA:98,10,1,0
BRDA:105,11,0,0
BRDA:105,11,1,0
BRDA:117,12,0,0
BRDA:117,12,1,0
BRDA:124,13,0,0
BRDA:124,13,1,0
BRF:29
BRH:0
end_of_record
TN:
SF:app/api/documents/simple-upload/route.ts
FN:10,POST
FN:77,(anonymous_2)
FNF:2
FNH:0
FNDA:0,POST
FNDA:0,(anonymous_2)
DA:1,0
DA:2,0
DA:4,0
DA:10,0
DA:11,0
DA:12,0
DA:13,0
DA:14,0
DA:15,0
DA:16,0
DA:17,0
DA:18,0
DA:19,0
DA:20,0
DA:22,0
DA:23,0
DA:27,0
DA:28,0
DA:29,0
DA:35,0
DA:36,0
DA:37,0
DA:41,0
DA:47,0
DA:48,0
DA:54,0
DA:57,0
DA:58,0
DA:59,0
DA:65,0
DA:66,0
DA:71,0
DA:72,0
DA:73,0
DA:74,0
DA:77,0
DA:82,0
DA:113,0
DA:114,0
DA:115,0
DA:121,0
DA:131,0
DA:137,0
DA:138,0
LF:44
LH:0
BRDA:17,0,0,0
BRDA:17,0,1,0
BRDA:20,1,0,0
BRDA:20,1,1,0
BRDA:22,2,0,0
BRDA:22,2,1,0
BRDA:28,3,0,0
BRDA:28,3,1,0
BRDA:36,4,0,0
BRDA:36,4,1,0
BRDA:47,5,0,0
BRDA:47,5,1,0
BRDA:58,6,0,0
BRDA:58,6,1,0
BRDA:65,7,0,0
BRDA:65,7,1,0
BRDA:72,8,0,0
BRDA:72,8,1,0
BRDA:92,9,0,0
BRDA:92,9,1,0
BRDA:113,10,0,0
BRDA:113,10,1,0
BRF:22
BRH:0
end_of_record
TN:
SF:app/api/documents/upload/route.ts
FN:10,POST
FN:104,(anonymous_2)
FNF:2
FNH:0
FNDA:0,POST
FNDA:0,(anonymous_2)
DA:1,0
DA:2,0
DA:4,0
DA:10,0
DA:11,0
DA:12,0
DA:13,0
DA:14,0
DA:15,0
DA:16,0
DA:17,0
DA:18,0
DA:19,0
DA:20,0
DA:22,0
DA:23,0
DA:27,0
DA:28,0
DA:29,0
DA:35,0
DA:36,0
DA:37,0
DA:41,0
DA:47,0
DA:48,0
DA:54,0
DA:55,0
DA:56,0
DA:57,0
DA:60,0
DA:61,0
DA:64,0
DA:71,0
DA:72,0
DA:73,0
DA:79,0
DA:84,0
DA:85,0
DA:86,0
DA:92,0
DA:93,0
DA:98,0
DA:99,0
DA:100,0
DA:101,0
DA:104,0
DA:109,0
DA:140,0
DA:141,0
DA:143,0
DA:147,0
DA:153,0
DA:163,0
DA:169,0
DA:170,0
LF:55
LH:0
BRDA:17,0,0,0
BRDA:17,0,1,0
BRDA:20,1,0,0
BRDA:20,1,1,0
BRDA:22,2,0,0
BRDA:22,2,1,0
BRDA:28,3,0,0
BRDA:28,3,1,0
BRDA:36,4,0,0
BRDA:36,4,1,0
BRDA:47,5,0,0
BRDA:47,5,1,0
BRDA:71,6,0,0
BRDA:71,6,1,0
BRDA:85,7,0,0
BRDA:85,7,1,0
BRDA:92,8,0,0
BRDA:92,8,1,0
BRDA:99,9,0,0
BRDA:99,9,1,0
BRDA:119,10,0,0
BRDA:119,10,1,0
BRDA:140,11,0,0
BRDA:140,11,1,0
BRF:24
BRH:0
end_of_record
TN:
SF:app/api/industries/route.ts
FN:10,GET
FN:30,(anonymous_4)
FN:45,(anonymous_5)
FN:55,POST
FNF:4
FNH:0
FNDA:0,GET
FNDA:0,(anonymous_4)
FNDA:0,(anonymous_5)
FNDA:0,POST
DA:1,0
DA:2,0
DA:4,0
DA:5,0
DA:7,0
DA:10,0
DA:11,0
DA:12,0
DA:13,0
DA:15,0
DA:17,0
DA:24,0
DA:25,0
DA:26,0
DA:30,0
DA:31,0
DA:34,0
DA:39,0
DA:40,0
DA:41,0
DA:45,0
DA:46,0
DA:49,0
DA:50,0
DA:55,0
DA:56,0
DA:57,0
DA:58,0
DA:60,0
DA:61,0
DA:64,0
DA:75,0
DA:76,0
DA:77,0
DA:80,0
DA:82,0
DA:83,0
LF:37
LH:0
BRDA:5,0,0,0
BRDA:5,0,1,0
BRDA:15,1,0,0
BRDA:15,1,1,0
BRDA:24,2,0,0
BRDA:24,2,1,0
BRDA:30,3,0,0
BRDA:30,3,1,0
BRDA:39,4,0,0
BRDA:39,4,1,0
BRDA:45,5,0,0
BRDA:45,5,1,0
BRDA:60,6,0,0
BRDA:60,6,1,0
BRDA:60,7,0,0
BRDA:60,7,1,0
BRDA:69,8,0,0
BRDA:69,8,1,0
BRDA:75,9,0,0
BRDA:75,9,1,0
BRF:20
BRH:0
end_of_record
TN:
SF:app/api/installations/route.ts
FN:9,GET
FN:36,POST
FN:48,(anonymous_7)
FN:89,PUT
FN:124,DELETE
FNF:5
FNH:0
FNDA:0,GET
FNDA:0,POST
FNDA:0,(anonymous_7)
FNDA:0,PUT
FNDA:0,DELETE
DA:1,0
DA:2,0
DA:4,0
DA:5,0
DA:7,0
DA:9,0
DA:10,0
DA:11,0
DA:16,0
DA:18,0
DA:19,0
DA:20,0
DA:26,0
DA:28,0
DA:29,0
DA:36,0
DA:37,0
DA:38,0
DA:41,0
DA:42,0
DA:43,0
DA:45,0
DA:48,0
DA:49,0
DA:50,0
DA:51,0
DA:54,0
DA:62,0
DA:63,0
DA:65,0
DA:71,0
DA:72,0
DA:73,0
DA:79,0
DA:81,0
DA:82,0
DA:89,0
DA:90,0
DA:91,0
DA:92,0
DA:94,0
DA:99,0
DA:106,0
DA:107,0
DA:108,0
DA:114,0
DA:116,0
DA:117,0
DA:124,0
DA:125,0
DA:126,0
DA:127,0
DA:129,0
DA:130,0
DA:136,0
DA:141,0
DA:142,0
DA:143,0
DA:149,0
DA:151,0
DA:152,0
LF:61
LH:0
BRDA:5,0,0,0
BRDA:5,0,1,0
BRDA:18,1,0,0
BRDA:18,1,1,0
BRDA:45,2,0,0
BRDA:45,2,1,0
BRDA:56,3,0,0
BRDA:56,3,1,0
BRDA:71,4,0,0
BRDA:71,4,1,0
BRDA:106,5,0,0
BRDA:106,5,1,0
BRDA:129,6,0,0
BRDA:129,6,1,0
BRDA:141,7,0,0
BRDA:141,7,1,0
BRF:16
BRH:0
end_of_record
TN:
SF:app/api/invoices/route.ts
FN:9,GET
FN:36,POST
FN:52,(anonymous_7)
FN:95,PUT
FN:130,DELETE
FNF:5
FNH:0
FNDA:0,GET
FNDA:0,POST
FNDA:0,(anonymous_7)
FNDA:0,PUT
FNDA:0,DELETE
DA:1,0
DA:2,0
DA:4,0
DA:5,0
DA:7,0
DA:9,0
DA:10,0
DA:11,0
DA:16,0
DA:18,0
DA:19,0
DA:20,0
DA:26,0
DA:28,0
DA:29,0
DA:36,0
DA:37,0
DA:38,0
DA:40,0
DA:41,0
DA:42,0
DA:43,0
DA:45,0
DA:48,0
DA:51,0
DA:52,0
DA:55,0
DA:66,0
DA:67,0
DA:68,0
DA:69,0
DA:71,0
DA:77,0
DA:78,0
DA:79,0
DA:85,0
DA:87,0
DA:88,0
DA:95,0
DA:96,0
DA:97,0
DA:98,0
DA:100,0
DA:105,0
DA:112,0
DA:113,0
DA:114,0
DA:120,0
DA:122,0
DA:123,0
DA:130,0
DA:131,0
DA:132,0
DA:133,0
DA:135,0
DA:136,0
DA:142,0
DA:147,0
DA:148,0
DA:149,0
DA:155,0
DA:157,0
DA:158,0
LF:63
LH:0
BRDA:5,0,0,0
BRDA:5,0,1,0
BRDA:18,1,0,0
BRDA:18,1,1,0
BRDA:45,2,0,0
BRDA:45,2,1,0
BRDA:51,3,0,0
BRDA:51,3,1,0
BRDA:51,4,0,0
BRDA:51,4,1,0
BRDA:52,5,0,0
BRDA:52,5,1,0
BRDA:58,6,0,0
BRDA:58,6,1,0
BRDA:59,7,0,0
BRDA:59,7,1,0
BRDA:60,8,0,0
BRDA:60,8,1,0
BRDA:77,9,0,0
BRDA:77,9,1,0
BRDA:112,10,0,0
BRDA:112,10,1,0
BRDA:135,11,0,0
BRDA:135,11,1,0
BRDA:147,12,0,0
BRDA:147,12,1,0
BRF:26
BRH:0
end_of_record
TN:
SF:app/api/leads/route.ts
FN:9,GET
FN:23,(anonymous_5)
FN:51,POST
FN:64,(anonymous_7)
FN:87,(anonymous_8)
FN:110,(anonymous_9)
FN:174,PUT
FN:187,(anonymous_11)
FN:208,(anonymous_12)
FN:247,(anonymous_13)
FNF:10
FNH:0
FNDA:0,GET
FNDA:0,(anonymous_5)
FNDA:0,POST
FNDA:0,(anonymous_7)
FNDA:0,(anonymous_8)
FNDA:0,(anonymous_9)
FNDA:0,PUT
FNDA:0,(anonymous_11)
FNDA:0,(anonymous_12)
FNDA:0,(anonymous_13)
DA:1,0
DA:2,0
DA:4,0
DA:9,0
DA:10,0
DA:12,0
DA:17,0
DA:18,0
DA:19,0
DA:23,0
DA:24,0
DA:25,0
DA:26,0
DA:28,0
DA:31,0
DA:33,0
DA:34,0
DA:40,0
DA:51,0
DA:52,0
DA:53,0
DA:54,0
DA:56,0
DA:57,0
DA:61,0
DA:62,0
DA:64,0
DA:65,0
DA:66,0
DA:69,0
DA:74,0
DA:82,0
DA:83,0
DA:87,0
DA:88,0
DA:89,0
DA:93,0
DA:94,0
DA:96,0
DA:102,0
DA:103,0
DA:104,0
DA:105,0
DA:109,0
DA:110,0
DA:119,0
DA:123,0
DA:124,0
DA:130,0
DA:131,0
DA:133,0
DA:137,0
DA:156,0
DA:161,0
DA:162,0
DA:163,0
DA:164,0
DA:167,0
DA:169,0
DA:170,0
DA:174,0
DA:175,0
DA:176,0
DA:177,0
DA:179,0
DA:180,0
DA:184,0
DA:185,0
DA:187,0
DA:188,0
DA:189,0
DA:192,0
DA:197,0
DA:203,0
DA:204,0
DA:208,0
DA:209,0
DA:210,0
DA:214,0
DA:222,0
DA:223,0
DA:224,0
DA:227,0
DA:228,0
DA:232,0
DA:233,0
DA:234,0
DA:235,0
DA:239,0
DA:241,0
DA:247,0
DA:256,0
DA:260,0
DA:261,0
DA:267,0
DA:268,0
DA:269,0
DA:288,0
DA:292,0
DA:294,0
DA:295,0
LF:101
LH:0
BRDA:17,0,0,0
BRDA:17,0,1,0
BRDA:24,1,0,0
BRDA:24,1,1,0
BRDA:24,2,0,0
BRDA:24,2,1,0
BRDA:56,3,0,0
BRDA:56,3,1,0
BRDA:65,4,0,0
BRDA:65,4,1,0
BRDA:82,5,0,0
BRDA:82,5,1,0
BRDA:88,6,0,0
BRDA:88,6,1,0
BRDA:88,7,0,0
BRDA:88,7,1,0
BRDA:88,7,2,0
BRDA:102,8,0,0
BRDA:102,8,1,0
BRDA:105,9,0,0
BRDA:105,9,1,0
BRDA:109,10,0,0
BRDA:109,10,1,0
BRDA:109,11,0,0
BRDA:109,11,1,0
BRDA:116,12,0,0
BRDA:116,12,1,0
BRDA:123,13,0,0
BRDA:123,13,1,0
BRDA:130,14,0,0
BRDA:130,14,1,0
BRDA:133,15,0,0
BRDA:133,15,1,0
BRDA:133,16,0,0
BRDA:133,16,1,0
BRDA:135,17,0,0
BRDA:135,17,1,0
BRDA:139,18,0,0
BRDA:139,18,1,0
BRDA:145,19,0,0
BRDA:145,19,1,0
BRDA:145,19,2,0
BRDA:147,20,0,0
BRDA:147,20,1,0
BRDA:148,21,0,0
BRDA:148,21,1,0
BRDA:151,22,0,0
BRDA:151,22,1,0
BRDA:151,23,0,0
BRDA:151,23,1,0
BRDA:162,24,0,0
BRDA:162,24,1,0
BRDA:162,25,0,0
BRDA:162,25,1,0
BRDA:179,26,0,0
BRDA:179,26,1,0
BRDA:179,27,0,0
BRDA:179,27,1,0
BRDA:188,28,0,0
BRDA:188,28,1,0
BRDA:203,29,0,0
BRDA:203,29,1,0
BRDA:209,30,0,0
BRDA:209,30,1,0
BRDA:209,31,0,0
BRDA:209,31,1,0
BRDA:209,31,2,0
BRDA:222,32,0,0
BRDA:222,32,1,0
BRDA:227,33,0,0
BRDA:227,33,1,0
BRDA:233,34,0,0
BRDA:233,34,1,0
BRDA:233,35,0,0
BRDA:233,35,1,0
BRDA:239,36,0,0
BRDA:239,36,1,0
BRDA:239,37,0,0
BRDA:239,37,1,0
BRDA:253,38,0,0
BRDA:253,38,1,0
BRDA:260,39,0,0
BRDA:260,39,1,0
BRDA:267,40,0,0
BRDA:267,40,1,0
BRDA:267,41,0,0
BRDA:267,41,1,0
BRDA:267,41,2,0
BRDA:272,42,0,0
BRDA:272,42,1,0
BRDA:283,43,0,0
BRDA:283,43,1,0
BRF:92
BRH:0
end_of_record
TN:
SF:app/api/leads/[id]/route.ts
FN:9,GET
FNF:1
FNH:0
FNDA:0,GET
DA:1,0
DA:2,0
DA:4,0
DA:9,0
DA:13,0
DA:14,0
DA:16,0
DA:17,0
DA:20,0
DA:26,0
DA:27,0
DA:28,0
DA:31,0
DA:32,0
DA:36,0
DA:37,0
DA:38,0
DA:39,0
DA:42,0
DA:44,0
DA:45,0
LF:21
LH:0
BRDA:16,0,0,0
BRDA:16,0,1,0
BRDA:26,1,0,0
BRDA:26,1,1,0
BRDA:31,2,0,0
BRDA:31,2,1,0
BRDA:37,3,0,0
BRDA:37,3,1,0
BRDA:37,4,0,0
BRDA:37,4,1,0
BRF:10
BRH:0
end_of_record
TN:
SF:app/api/leads/[id]/products/route.ts
FN:9,GET
FNF:1
FNH:0
FNDA:0,GET
DA:1,0
DA:2,0
DA:4,0
DA:9,0
DA:13,0
DA:14,0
DA:16,0
DA:17,0
DA:21,0
DA:27,0
DA:28,0
DA:29,0
DA:32,0
DA:34,0
DA:35,0
LF:15
LH:0
BRDA:16,0,0,0
BRDA:16,0,1,0
BRDA:27,1,0,0
BRDA:27,1,1,0
BRDA:32,2,0,0
BRDA:32,2,1,0
BRF:6
BRH:0
end_of_record
TN:
SF:app/api/navigation-stats/route.ts
FN:9,GET
FNF:1
FNH:0
FNDA:0,GET
DA:1,0
DA:2,0
DA:4,0
DA:5,0
DA:7,0
DA:9,0
DA:10,0
DA:24,0
DA:39,0
DA:53,0
DA:55,0
DA:56,0
LF:12
LH:0
BRDA:5,0,0,0
BRDA:5,0,1,0
BRDA:40,1,0,0
BRDA:40,1,1,0
BRDA:41,2,0,0
BRDA:41,2,1,0
BRDA:42,3,0,0
BRDA:42,3,1,0
BRDA:43,4,0,0
BRDA:43,4,1,0
BRDA:44,5,0,0
BRDA:44,5,1,0
BRDA:45,6,0,0
BRDA:45,6,1,0
BRDA:46,7,0,0
BRDA:46,7,1,0
BRDA:47,8,0,0
BRDA:47,8,1,0
BRDA:48,9,0,0
BRDA:48,9,1,0
BRDA:49,10,0,0
BRDA:49,10,1,0
BRDA:50,11,0,0
BRDA:50,11,1,0
BRF:24
BRH:0
end_of_record
TN:
SF:app/api/notifications/route.ts
FN:5,GET
FN:44,PUT
FNF:2
FNH:0
FNDA:0,GET
FNDA:0,PUT
DA:1,0
DA:2,0
DA:5,0
DA:6,0
DA:7,0
DA:8,0
DA:9,0
DA:10,0
DA:12,0
DA:13,0
DA:20,0
DA:21,0
DA:23,0
DA:26,0
DA:27,0
DA:33,0
DA:35,0
DA:36,0
DA:44,0
DA:45,0
DA:46,0
DA:49,0
DA:50,0
DA:51,0
DA:52,0
DA:54,0
DA:60,0
DA:61,0
DA:67,0
DA:69,0
DA:70,0
LF:31
LH:0
BRDA:10,0,0,0
BRDA:10,0,1,0
BRDA:12,1,0,0
BRDA:12,1,1,0
BRDA:20,2,0,0
BRDA:20,2,1,0
BRDA:26,3,0,0
BRDA:26,3,1,0
BRDA:49,4,0,0
BRDA:49,4,1,0
BRDA:49,5,0,0
BRDA:49,5,1,0
BRDA:51,6,0,0
BRDA:51,6,1,0
BRDA:60,7,0,0
BRDA:60,7,1,0
BRF:16
BRH:0
end_of_record
TN:
SF:app/api/products/route.ts
FN:9,GET
FN:29,POST
FN:65,PUT
FN:99,DELETE
FNF:4
FNH:0
FNDA:0,GET
FNDA:0,POST
FNDA:0,PUT
FNDA:0,DELETE
DA:1,0
DA:2,0
DA:4,0
DA:5,0
DA:7,0
DA:9,0
DA:10,0
DA:12,0
DA:17,0
DA:18,0
DA:19,0
DA:22,0
DA:24,0
DA:25,0
DA:29,0
DA:30,0
DA:31,0
DA:32,0
DA:34,0
DA:35,0
DA:39,0
DA:47,0
DA:53,0
DA:54,0
DA:55,0
DA:58,0
DA:60,0
DA:61,0
DA:65,0
DA:66,0
DA:67,0
DA:68,0
DA:70,0
DA:71,0
DA:74,0
DA:79,0
DA:87,0
DA:88,0
DA:89,0
DA:92,0
DA:94,0
DA:95,0
DA:99,0
DA:100,0
DA:101,0
DA:102,0
DA:103,0
DA:105,0
DA:106,0
DA:109,0
DA:115,0
DA:116,0
DA:117,0
DA:120,0
DA:122,0
DA:123,0
LF:56
LH:0
BRDA:4,0,0,0
BRDA:4,0,1,0
BRDA:5,1,0,0
BRDA:5,1,1,0
BRDA:17,2,0,0
BRDA:17,2,1,0
BRDA:22,3,0,0
BRDA:22,3,1,0
BRDA:34,4,0,0
BRDA:34,4,1,0
BRDA:53,5,0,0
BRDA:53,5,1,0
BRDA:70,6,0,0
BRDA:70,6,1,0
BRDA:70,7,0,0
BRDA:70,7,1,0
BRDA:87,8,0,0
BRDA:87,8,1,0
BRDA:105,9,0,0
BRDA:105,9,1,0
BRDA:105,10,0,0
BRDA:105,10,1,0
BRDA:115,11,0,0
BRDA:115,11,1,0
BRF:24
BRH:0
end_of_record
TN:
SF:app/api/quotations/route.ts
FN:9,GET
FN:51,POST
FN:67,(anonymous_7)
FN:110,PUT
FN:145,DELETE
FNF:5
FNH:0
FNDA:0,GET
FNDA:0,POST
FNDA:0,(anonymous_7)
FNDA:0,PUT
FNDA:0,DELETE
DA:1,0
DA:2,0
DA:4,0
DA:5,0
DA:7,0
DA:9,0
DA:10,0
DA:12,0
DA:13,0
DA:15,0
DA:21,0
DA:23,0
DA:24,0
DA:25,0
DA:31,0
DA:32,0
DA:33,0
DA:41,0
DA:43,0
DA:44,0
DA:51,0
DA:52,0
DA:53,0
DA:54,0
DA:55,0
DA:58,0
DA:66,0
DA:67,0
DA:68,0
DA:69,0
DA:73,0
DA:75,0
DA:82,0
DA:84,0
DA:90,0
DA:91,0
DA:92,0
DA:93,0
DA:99,0
DA:100,0
DA:102,0
DA:103,0
DA:110,0
DA:111,0
DA:112,0
DA:113,0
DA:115,0
DA:120,0
DA:127,0
DA:128,0
DA:129,0
DA:135,0
DA:137,0
DA:138,0
DA:145,0
DA:146,0
DA:147,0
DA:148,0
DA:150,0
DA:151,0
DA:157,0
DA:162,0
DA:163,0
DA:164,0
DA:170,0
DA:172,0
DA:173,0
LF:67
LH:0
BRDA:5,0,0,0
BRDA:5,0,1,0
BRDA:13,1,0,0
BRDA:13,1,1,0
BRDA:23,2,0,0
BRDA:23,2,1,0
BRDA:31,3,0,0
BRDA:31,3,1,0
BRDA:32,4,0,0
BRDA:32,4,1,0
BRDA:32,5,0,0
BRDA:32,5,1,0
BRDA:68,6,0,0
BRDA:68,6,1,0
BRDA:73,7,0,0
BRDA:73,7,1,0
BRDA:73,7,2,0
BRDA:90,8,0,0
BRDA:90,8,1,0
BRDA:99,9,0,0
BRDA:99,9,1,0
BRDA:127,10,0,0
BRDA:127,10,1,0
BRDA:150,11,0,0
BRDA:150,11,1,0
BRDA:162,12,0,0
BRDA:162,12,1,0
BRF:27
BRH:0
end_of_record
TN:
SF:app/api/reports/additional-reports.ts
FN:9,generateCustomerLifecycle
FN:14,(anonymous_16)
FN:15,(anonymous_17)
FN:16,(anonymous_18)
FN:32,generateTopCustomers
FN:36,(anonymous_20)
FN:37,(anonymous_21)
FN:38,(anonymous_22)
FN:40,(anonymous_23)
FN:46,(anonymous_24)
FN:48,(anonymous_25)
FN:51,(anonymous_26)
FN:52,(anonymous_27)
FN:58,generateCategoryPerformance
FN:71,(anonymous_29)
FN:82,generatePricingAnalysis
FN:107,generateProductDemand
FN:131,generateInstallationTracking
FN:134,(anonymous_33)
FN:135,(anonymous_34)
FN:136,(anonymous_35)
FN:145,(anonymous_36)
FN:150,(anonymous_37)
FN:160,generateServiceEfficiency
FN:187,generateContractRenewals
FN:190,(anonymous_40)
FN:196,(anonymous_41)
FN:223,generateCaseAnalysis
FN:230,(anonymous_43)
FN:231,(anonymous_44)
FN:235,(anonymous_45)
FN:236,(anonymous_46)
FN:237,(anonymous_47)
FN:238,(anonymous_48)
FN:256,generateKnowledgeBase
FN:262,(anonymous_50)
FN:263,(anonymous_51)
FN:272,(anonymous_52)
FN:273,(anonymous_53)
FN:274,(anonymous_54)
FN:285,generateCustomerSatisfaction
FN:318,generateUserAdoption
FN:351,generateDocumentUsage
FN:380,generateFollowUpEfficiency
FN:383,(anonymous_59)
FN:384,(anonymous_60)
FN:385,(anonymous_61)
FN:394,(anonymous_62)
FN:401,(anonymous_63)
FN:402,(anonymous_64)
FN:403,(anonymous_65)
FNF:51
FNH:0
FNDA:0,generateCustomerLifecycle
FNDA:0,(anonymous_16)
FNDA:0,(anonymous_17)
FNDA:0,(anonymous_18)
FNDA:0,generateTopCustomers
FNDA:0,(anonymous_20)
FNDA:0,(anonymous_21)
FNDA:0,(anonymous_22)
FNDA:0,(anonymous_23)
FNDA:0,(anonymous_24)
FNDA:0,(anonymous_25)
FNDA:0,(anonymous_26)
FNDA:0,(anonymous_27)
FNDA:0,generateCategoryPerformance
FNDA:0,(anonymous_29)
FNDA:0,generatePricingAnalysis
FNDA:0,generateProductDemand
FNDA:0,generateInstallationTracking
FNDA:0,(anonymous_33)
FNDA:0,(anonymous_34)
FNDA:0,(anonymous_35)
FNDA:0,(anonymous_36)
FNDA:0,(anonymous_37)
FNDA:0,generateServiceEfficiency
FNDA:0,generateContractRenewals
FNDA:0,(anonymous_40)
FNDA:0,(anonymous_41)
FNDA:0,generateCaseAnalysis
FNDA:0,(anonymous_43)
FNDA:0,(anonymous_44)
FNDA:0,(anonymous_45)
FNDA:0,(anonymous_46)
FNDA:0,(anonymous_47)
FNDA:0,(anonymous_48)
FNDA:0,generateKnowledgeBase
FNDA:0,(anonymous_50)
FNDA:0,(anonymous_51)
FNDA:0,(anonymous_52)
FNDA:0,(anonymous_53)
FNDA:0,(anonymous_54)
FNDA:0,generateCustomerSatisfaction
FNDA:0,generateUserAdoption
FNDA:0,generateDocumentUsage
FNDA:0,generateFollowUpEfficiency
FNDA:0,(anonymous_59)
FNDA:0,(anonymous_60)
FNDA:0,(anonymous_61)
FNDA:0,(anonymous_62)
FNDA:0,(anonymous_63)
FNDA:0,(anonymous_64)
FNDA:0,(anonymous_65)
DA:1,0
DA:3,0
DA:9,0
DA:10,0
DA:12,0
DA:14,0
DA:15,0
DA:16,0
DA:32,0
DA:33,0
DA:34,0
DA:36,0
DA:37,0
DA:38,0
DA:39,0
DA:40,0
DA:42,0
DA:46,0
DA:48,0
DA:51,0
DA:52,0
DA:58,0
DA:59,0
DA:61,0
DA:68,0
DA:71,0
DA:82,0
DA:83,0
DA:85,0
DA:107,0
DA:108,0
DA:110,0
DA:131,0
DA:132,0
DA:134,0
DA:135,0
DA:136,0
DA:138,0
DA:146,0
DA:147,0
DA:148,0
DA:151,0
DA:152,0
DA:153,0
DA:154,0
DA:160,0
DA:161,0
DA:162,0
DA:163,0
DA:165,0
DA:187,0
DA:188,0
DA:190,0
DA:191,0
DA:192,0
DA:193,0
DA:196,0
DA:197,0
DA:198,0
DA:199,0
DA:200,0
DA:203,0
DA:223,0
DA:224,0
DA:225,0
DA:227,0
DA:230,0
DA:231,0
DA:235,0
DA:236,0
DA:237,0
DA:238,0
DA:256,0
DA:257,0
DA:259,0
DA:262,0
DA:263,0
DA:272,0
DA:273,0
DA:274,0
DA:285,0
DA:286,0
DA:288,0
DA:318,0
DA:319,0
DA:321,0
DA:351,0
DA:352,0
DA:380,0
DA:381,0
DA:383,0
DA:384,0
DA:385,0
DA:386,0
DA:387,0
DA:390,0
DA:394,0
DA:401,0
DA:402,0
DA:403,0
LF:100
LH:0
BRDA:14,0,0,0
BRDA:14,0,1,0
BRDA:15,1,0,0
BRDA:15,1,1,0
BRDA:16,2,0,0
BRDA:16,2,1,0
BRDA:36,3,0,0
BRDA:36,3,1,0
BRDA:37,4,0,0
BRDA:37,4,1,0
BRDA:38,5,0,0
BRDA:38,5,1,0
BRDA:134,6,0,0
BRDA:134,6,1,0
BRDA:135,7,0,0
BRDA:135,7,1,0
BRDA:136,8,0,0
BRDA:136,8,1,0
BRDA:139,9,0,0
BRDA:139,9,1,0
BRDA:143,10,0,0
BRDA:143,10,1,0
BRDA:145,11,0,0
BRDA:145,11,1,0
BRDA:150,12,0,0
BRDA:150,12,1,0
BRDA:154,13,0,0
BRDA:154,13,1,0
BRDA:178,14,0,0
BRDA:178,14,1,0
BRDA:179,15,0,0
BRDA:179,15,1,0
BRDA:180,16,0,0
BRDA:180,16,1,0
BRDA:190,17,0,0
BRDA:190,17,1,0
BRDA:193,18,0,0
BRDA:193,18,1,0
BRDA:196,19,0,0
BRDA:196,19,1,0
BRDA:200,20,0,0
BRDA:200,20,1,0
BRDA:204,21,0,0
BRDA:204,21,1,0
BRDA:229,22,0,0
BRDA:229,22,1,0
BRDA:230,23,0,0
BRDA:230,23,1,0
BRDA:231,24,0,0
BRDA:231,24,1,0
BRDA:235,25,0,0
BRDA:235,25,1,0
BRDA:236,26,0,0
BRDA:236,26,1,0
BRDA:237,27,0,0
BRDA:237,27,1,0
BRDA:238,28,0,0
BRDA:238,28,1,0
BRDA:261,29,0,0
BRDA:261,29,1,0
BRDA:262,30,0,0
BRDA:262,30,1,0
BRDA:263,31,0,0
BRDA:263,31,1,0
BRDA:272,32,0,0
BRDA:272,32,1,0
BRDA:273,33,0,0
BRDA:273,33,1,0
BRDA:274,34,0,0
BRDA:274,34,1,0
BRDA:383,35,0,0
BRDA:383,35,1,0
BRDA:387,36,0,0
BRDA:387,36,1,0
BRDA:397,37,0,0
BRDA:397,37,1,0
BRF:76
BRH:0
end_of_record
TN:
SF:app/api/reports/route.ts
FN:26,GET
FN:160,getDateRange
FN:199,generateExecutiveOverview
FN:229,(anonymous_4)
FN:233,(anonymous_5)
FN:254,generateSalesPipelineReport
FN:263,(anonymous_7)
FN:275,(anonymous_8)
FN:276,(anonymous_9)
FN:282,generateLeadConversionReport
FN:291,(anonymous_11)
FN:305,(anonymous_12)
FN:310,generateCustomerAcquisitionReport
FN:320,(anonymous_14)
FN:325,(anonymous_15)
FN:330,generateProductSalesReport
FN:337,(anonymous_17)
FN:345,(anonymous_18)
FN:346,(anonymous_19)
FN:359,generateAMCPerformanceReport
FN:365,(anonymous_21)
FN:366,(anonymous_22)
FN:367,(anonymous_23)
FN:378,(anonymous_24)
FN:383,generateSupportPerformanceReport
FN:399,(anonymous_26)
FN:401,(anonymous_27)
FN:414,generateActivitySummaryReport
FN:422,(anonymous_29)
FN:428,(anonymous_30)
FN:439,generateMonthlyBusinessReview
FN:470,generateQuarterlyTrends
FN:502,generateQuotationAnalysis
FN:507,(anonymous_34)
FN:508,(anonymous_35)
FN:515,(anonymous_36)
FN:523,generateSalesRepPerformance
FN:536,(anonymous_38)
FN:538,(anonymous_39)
FN:539,(anonymous_40)
FN:540,(anonymous_41)
FN:542,(anonymous_42)
FN:550,generateRevenueForecast
FN:554,(anonymous_44)
FN:576,generateAccountHealth
FN:580,(anonymous_46)
FN:589,(anonymous_47)
FN:590,(anonymous_48)
FN:592,(anonymous_49)
FN:593,(anonymous_50)
FN:594,(anonymous_51)
FN:602,generateTrendAnalysis
FN:611,generateTopQuotedProducts
FN:619,calculateAccountHealth
FN:620,(anonymous_55)
FN:626,getLastActivity
FN:627,(anonymous_57)
FN:631,assessRiskLevel
FN:632,(anonymous_59)
FN:638,calculateEngagementMetrics
FN:641,(anonymous_61)
FN:641,(anonymous_62)
FN:642,(anonymous_63)
FN:642,(anonymous_64)
FNF:64
FNH:0
FNDA:0,GET
FNDA:0,getDateRange
FNDA:0,generateExecutiveOverview
FNDA:0,(anonymous_4)
FNDA:0,(anonymous_5)
FNDA:0,generateSalesPipelineReport
FNDA:0,(anonymous_7)
FNDA:0,(anonymous_8)
FNDA:0,(anonymous_9)
FNDA:0,generateLeadConversionReport
FNDA:0,(anonymous_11)
FNDA:0,(anonymous_12)
FNDA:0,generateCustomerAcquisitionReport
FNDA:0,(anonymous_14)
FNDA:0,(anonymous_15)
FNDA:0,generateProductSalesReport
FNDA:0,(anonymous_17)
FNDA:0,(anonymous_18)
FNDA:0,(anonymous_19)
FNDA:0,generateAMCPerformanceReport
FNDA:0,(anonymous_21)
FNDA:0,(anonymous_22)
FNDA:0,(anonymous_23)
FNDA:0,(anonymous_24)
FNDA:0,generateSupportPerformanceReport
FNDA:0,(anonymous_26)
FNDA:0,(anonymous_27)
FNDA:0,generateActivitySummaryReport
FNDA:0,(anonymous_29)
FNDA:0,(anonymous_30)
FNDA:0,generateMonthlyBusinessReview
FNDA:0,generateQuarterlyTrends
FNDA:0,generateQuotationAnalysis
FNDA:0,(anonymous_34)
FNDA:0,(anonymous_35)
FNDA:0,(anonymous_36)
FNDA:0,generateSalesRepPerformance
FNDA:0,(anonymous_38)
FNDA:0,(anonymous_39)
FNDA:0,(anonymous_40)
FNDA:0,(anonymous_41)
FNDA:0,(anonymous_42)
FNDA:0,generateRevenueForecast
FNDA:0,(anonymous_44)
FNDA:0,generateAccountHealth
FNDA:0,(anonymous_46)
FNDA:0,(anonymous_47)
FNDA:0,(anonymous_48)
FNDA:0,(anonymous_49)
FNDA:0,(anonymous_50)
FNDA:0,(anonymous_51)
FNDA:0,generateTrendAnalysis
FNDA:0,generateTopQuotedProducts
FNDA:0,calculateAccountHealth
FNDA:0,(anonymous_55)
FNDA:0,getLastActivity
FNDA:0,(anonymous_57)
FNDA:0,assessRiskLevel
FNDA:0,(anonymous_59)
FNDA:0,calculateEngagementMetrics
FNDA:0,(anonymous_61)
FNDA:0,(anonymous_62)
FNDA:0,(anonymous_63)
FNDA:0,(anonymous_64)
DA:1,0
DA:2,0
DA:18,0
DA:20,0
DA:26,0
DA:27,0
DA:28,0
DA:29,0
DA:30,0
DA:31,0
DA:33,0
DA:34,0
DA:38,0
DA:40,0
DA:42,0
DA:45,0
DA:46,0
DA:48,0
DA:49,0
DA:51,0
DA:52,0
DA:56,0
DA:57,0
DA:59,0
DA:60,0
DA:62,0
DA:63,0
DA:65,0
DA:66,0
DA:68,0
DA:69,0
DA:73,0
DA:74,0
DA:76,0
DA:77,0
DA:79,0
DA:80,0
DA:82,0
DA:83,0
DA:87,0
DA:88,0
DA:90,0
DA:91,0
DA:93,0
DA:94,0
DA:96,0
DA:97,0
DA:101,0
DA:102,0
DA:104,0
DA:105,0
DA:107,0
DA:108,0
DA:110,0
DA:111,0
DA:115,0
DA:116,0
DA:118,0
DA:119,0
DA:121,0
DA:122,0
DA:124,0
DA:125,0
DA:129,0
DA:130,0
DA:132,0
DA:133,0
DA:135,0
DA:136,0
DA:138,0
DA:139,0
DA:142,0
DA:145,0
DA:154,0
DA:155,0
DA:161,0
DA:162,0
DA:163,0
DA:165,0
DA:167,0
DA:172,0
DA:173,0
DA:174,0
DA:179,0
DA:180,0
DA:185,0
DA:186,0
DA:191,0
DA:200,0
DA:207,0
DA:214,0
DA:221,0
DA:227,0
DA:228,0
DA:229,0
DA:230,0
DA:231,0
DA:233,0
DA:234,0
DA:236,0
DA:255,0
DA:263,0
DA:264,0
DA:265,0
DA:266,0
DA:268,0
DA:269,0
DA:270,0
DA:273,0
DA:275,0
DA:276,0
DA:283,0
DA:291,0
DA:292,0
DA:293,0
DA:294,0
DA:296,0
DA:297,0
DA:298,0
DA:299,0
DA:302,0
DA:305,0
DA:311,0
DA:318,0
DA:321,0
DA:322,0
DA:323,0
DA:325,0
DA:331,0
DA:337,0
DA:343,0
DA:345,0
DA:347,0
DA:348,0
DA:349,0
DA:351,0
DA:352,0
DA:353,0
DA:360,0
DA:365,0
DA:366,0
DA:367,0
DA:368,0
DA:369,0
DA:370,0
DA:371,0
DA:374,0
DA:378,0
DA:384,0
DA:391,0
DA:398,0
DA:399,0
DA:400,0
DA:401,0
DA:403,0
DA:415,0
DA:422,0
DA:423,0
DA:424,0
DA:425,0
DA:428,0
DA:430,0
DA:440,0
DA:447,0
DA:471,0
DA:472,0
DA:474,0
DA:503,0
DA:504,0
DA:506,0
DA:507,0
DA:508,0
DA:511,0
DA:515,0
DA:524,0
DA:525,0
DA:527,0
DA:534,0
DA:536,0
DA:538,0
DA:539,0
DA:540,0
DA:542,0
DA:551,0
DA:553,0
DA:554,0
DA:577,0
DA:578,0
DA:580,0
DA:587,0
DA:589,0
DA:590,0
DA:592,0
DA:593,0
DA:594,0
DA:603,0
DA:612,0
DA:620,0
DA:621,0
DA:622,0
DA:623,0
DA:627,0
DA:628,0
DA:632,0
DA:633,0
DA:634,0
DA:635,0
DA:639,0
DA:641,0
DA:642,0
LF:210
LH:0
BRDA:30,0,0,0
BRDA:30,0,1,0
BRDA:31,1,0,0
BRDA:31,1,1,0
BRDA:33,2,0,0
BRDA:33,2,1,0
BRDA:42,3,0,0
BRDA:42,3,1,0
BRDA:42,3,2,0
BRDA:42,3,3,0
BRDA:42,3,4,0
BRDA:42,3,5,0
BRDA:42,3,6,0
BRDA:42,3,7,0
BRDA:42,3,8,0
BRDA:42,3,9,0
BRDA:42,3,10,0
BRDA:42,3,11,0
BRDA:42,3,12,0
BRDA:42,3,13,0
BRDA:42,3,14,0
BRDA:42,3,15,0
BRDA:42,3,16,0
BRDA:42,3,17,0
BRDA:42,3,18,0
BRDA:42,3,19,0
BRDA:42,3,20,0
BRDA:42,3,21,0
BRDA:42,3,22,0
BRDA:42,3,23,0
BRDA:42,3,24,0
BRDA:42,3,25,0
BRDA:42,3,26,0
BRDA:42,3,27,0
BRDA:42,3,28,0
BRDA:165,4,0,0
BRDA:165,4,1,0
BRDA:165,4,2,0
BRDA:165,4,3,0
BRDA:165,4,4,0
BRDA:227,5,0,0
BRDA:227,5,1,0
BRDA:228,6,0,0
BRDA:228,6,1,0
BRDA:229,7,0,0
BRDA:229,7,1,0
BRDA:229,8,0,0
BRDA:229,8,1,0
BRDA:230,9,0,0
BRDA:230,9,1,0
BRDA:231,10,0,0
BRDA:231,10,1,0
BRDA:233,11,0,0
BRDA:233,11,1,0
BRDA:234,12,0,0
BRDA:234,12,1,0
BRDA:263,13,0,0
BRDA:263,13,1,0
BRDA:264,14,0,0
BRDA:264,14,1,0
BRDA:265,15,0,0
BRDA:265,15,1,0
BRDA:269,16,0,0
BRDA:269,16,1,0
BRDA:275,17,0,0
BRDA:275,17,1,0
BRDA:275,18,0,0
BRDA:275,18,1,0
BRDA:276,19,0,0
BRDA:276,19,1,0
BRDA:276,20,0,0
BRDA:276,20,1,0
BRDA:277,21,0,0
BRDA:277,21,1,0
BRDA:291,22,0,0
BRDA:291,22,1,0
BRDA:292,23,0,0
BRDA:292,23,1,0
BRDA:293,24,0,0
BRDA:293,24,1,0
BRDA:297,25,0,0
BRDA:297,25,1,0
BRDA:298,26,0,0
BRDA:298,26,1,0
BRDA:304,27,0,0
BRDA:304,27,1,0
BRDA:305,28,0,0
BRDA:305,28,1,0
BRDA:319,29,0,0
BRDA:319,29,1,0
BRDA:320,30,0,0
BRDA:320,30,1,0
BRDA:321,31,0,0
BRDA:321,31,1,0
BRDA:322,32,0,0
BRDA:322,32,1,0
BRDA:325,33,0,0
BRDA:325,33,1,0
BRDA:325,34,0,0
BRDA:325,34,1,0
BRDA:337,35,0,0
BRDA:337,35,1,0
BRDA:347,36,0,0
BRDA:347,36,1,0
BRDA:348,37,0,0
BRDA:348,37,1,0
BRDA:365,38,0,0
BRDA:365,38,1,0
BRDA:366,39,0,0
BRDA:366,39,1,0
BRDA:366,40,0,0
BRDA:366,40,1,0
BRDA:367,41,0,0
BRDA:367,41,1,0
BRDA:378,42,0,0
BRDA:378,42,1,0
BRDA:398,43,0,0
BRDA:398,43,1,0
BRDA:399,44,0,0
BRDA:399,44,1,0
BRDA:400,45,0,0
BRDA:400,45,1,0
BRDA:401,46,0,0
BRDA:401,46,1,0
BRDA:408,47,0,0
BRDA:408,47,1,0
BRDA:422,48,0,0
BRDA:422,48,1,0
BRDA:423,49,0,0
BRDA:423,49,1,0
BRDA:424,50,0,0
BRDA:424,50,1,0
BRDA:428,51,0,0
BRDA:428,51,1,0
BRDA:431,52,0,0
BRDA:431,52,1,0
BRDA:433,53,0,0
BRDA:433,53,1,0
BRDA:449,54,0,0
BRDA:449,54,1,0
BRDA:450,55,0,0
BRDA:450,55,1,0
BRDA:451,56,0,0
BRDA:451,56,1,0
BRDA:452,57,0,0
BRDA:452,57,1,0
BRDA:506,58,0,0
BRDA:506,58,1,0
BRDA:507,59,0,0
BRDA:507,59,1,0
BRDA:514,60,0,0
BRDA:514,60,1,0
BRDA:515,61,0,0
BRDA:515,61,1,0
BRDA:515,62,0,0
BRDA:515,62,1,0
BRDA:536,63,0,0
BRDA:536,63,1,0
BRDA:554,64,0,0
BRDA:554,64,1,0
BRDA:554,65,0,0
BRDA:554,65,1,0
BRDA:580,66,0,0
BRDA:580,66,1,0
BRDA:588,67,0,0
BRDA:588,67,1,0
BRDA:620,68,0,0
BRDA:620,68,1,0
BRDA:621,69,0,0
BRDA:621,69,1,0
BRDA:622,70,0,0
BRDA:622,70,1,0
BRDA:627,71,0,0
BRDA:627,71,1,0
BRDA:628,72,0,0
BRDA:628,72,1,0
BRDA:632,73,0,0
BRDA:632,73,1,0
BRDA:633,74,0,0
BRDA:633,74,1,0
BRDA:634,75,0,0
BRDA:634,75,1,0
BRDA:640,76,0,0
BRDA:640,76,1,0
BRDA:640,77,0,0
BRDA:640,77,1,0
BRDA:641,78,0,0
BRDA:641,78,1,0
BRDA:642,79,0,0
BRDA:642,79,1,0
BRF:190
BRH:0
end_of_record
TN:
SF:app/api/reports/download/[filename]/route.ts
FN:6,GET
FN:51,(anonymous_2)
FNF:2
FNH:0
FNDA:0,GET
FNDA:0,(anonymous_2)
DA:1,0
DA:2,0
DA:3,0
DA:4,0
DA:6,0
DA:10,0
DA:11,0
DA:13,0
DA:14,0
DA:18,0
DA:19,0
DA:20,0
DA:22,0
DA:24,0
DA:25,0
DA:28,0
DA:32,0
DA:34,0
DA:35,0
DA:38,0
DA:39,0
DA:41,0
DA:42,0
DA:44,0
DA:45,0
DA:47,0
DA:52,0
DA:53,0
DA:55,0
DA:59,0
DA:65,0
DA:66,0
DA:72,0
DA:73,0
LF:34
LH:0
BRDA:13,0,0,0
BRDA:13,0,1,0
BRDA:32,1,0,0
BRDA:32,1,1,0
BRDA:32,1,2,0
BRDA:32,1,3,0
BRDA:32,1,4,0
BRDA:32,1,5,0
BRF:8
BRH:0
end_of_record
TN:
SF:app/api/reports/export/route.ts
FN:9,POST
FN:69,generatePDFExport
FN:97,generateExcelExport
FN:137,generateCSVExport
FN:150,(anonymous_8)
FN:151,(anonymous_9)
FN:175,generateJSONExport
FN:212,generateReportSummary
FN:247,flattenReportData
FN:270,(anonymous_13)
FN:282,(anonymous_14)
FN:296,(anonymous_15)
FN:297,(anonymous_16)
FN:316,generatePDFContent
FN:338,generateSummarySheet
FNF:15
FNH:0
FNDA:0,POST
FNDA:0,generatePDFExport
FNDA:0,generateExcelExport
FNDA:0,generateCSVExport
FNDA:0,(anonymous_8)
FNDA:0,(anonymous_9)
FNDA:0,generateJSONExport
FNDA:0,generateReportSummary
FNDA:0,flattenReportData
FNDA:0,(anonymous_13)
FNDA:0,(anonymous_14)
FNDA:0,(anonymous_15)
FNDA:0,(anonymous_16)
FNDA:0,generatePDFContent
FNDA:0,generateSummarySheet
DA:1,0
DA:2,0
DA:3,0
DA:4,0
DA:5,0
DA:6,0
DA:9,0
DA:10,0
DA:11,0
DA:13,0
DA:14,0
DA:24,0
DA:26,0
DA:27,0
DA:28,0
DA:29,0
DA:30,0
DA:33,0
DA:34,0
DA:35,0
DA:36,0
DA:37,0
DA:39,0
DA:40,0
DA:41,0
DA:42,0
DA:43,0
DA:45,0
DA:46,0
DA:47,0
DA:48,0
DA:49,0
DA:51,0
DA:54,0
DA:63,0
DA:64,0
DA:70,0
DA:71,0
DA:74,0
DA:75,0
DA:78,0
DA:81,0
DA:82,0
DA:84,0
DA:98,0
DA:99,0
DA:102,0
DA:103,0
DA:106,0
DA:109,0
DA:112,0
DA:113,0
DA:114,0
DA:117,0
DA:118,0
DA:119,0
DA:122,0
DA:124,0
DA:138,0
DA:139,0
DA:142,0
DA:143,0
DA:146,0
DA:148,0
DA:149,0
DA:150,0
DA:151,0
DA:154,0
DA:160,0
DA:162,0
DA:176,0
DA:177,0
DA:180,0
DA:181,0
DA:184,0
DA:186,0
DA:197,0
DA:199,0
DA:213,0
DA:215,0
DA:227,0
DA:239,0
DA:248,0
DA:251,0
DA:252,0
DA:257,0
DA:262,0
DA:269,0
DA:270,0
DA:271,0
DA:281,0
DA:282,0
DA:283,0
DA:295,0
DA:296,0
DA:297,0
DA:298,0
DA:299,0
DA:301,0
DA:309,0
DA:312,0
DA:317,0
DA:319,0
DA:339,0
DA:340,0
DA:343,0
DA:344,0
DA:346,0
DA:347,0
DA:349,0
DA:350,0
DA:352,0
DA:353,0
DA:355,0
DA:356,0
DA:359,0
LF:116
LH:0
BRDA:13,0,0,0
BRDA:13,0,1,0
BRDA:13,1,0,0
BRDA:13,1,1,0
BRDA:13,1,2,0
BRDA:24,2,0,0
BRDA:24,2,1,0
BRDA:24,2,2,0
BRDA:24,2,3,0
BRDA:24,2,4,0
BRDA:24,2,5,0
BRDA:74,3,0,0
BRDA:74,3,1,0
BRDA:102,4,0,0
BRDA:102,4,1,0
BRDA:142,5,0,0
BRDA:142,5,1,0
BRDA:149,6,0,0
BRDA:149,6,1,0
BRDA:151,7,0,0
BRDA:151,7,1,0
BRDA:180,8,0,0
BRDA:180,8,1,0
BRDA:213,9,0,0
BRDA:213,9,1,0
BRDA:213,9,2,0
BRDA:216,10,0,0
BRDA:216,10,1,0
BRDA:217,11,0,0
BRDA:217,11,1,0
BRDA:218,12,0,0
BRDA:218,12,1,0
BRDA:219,13,0,0
BRDA:219,13,1,0
BRDA:228,14,0,0
BRDA:228,14,1,0
BRDA:229,15,0,0
BRDA:229,15,1,0
BRDA:230,16,0,0
BRDA:230,16,1,0
BRDA:251,17,0,0
BRDA:251,17,1,0
BRDA:269,18,0,0
BRDA:269,18,1,0
BRDA:281,19,0,0
BRDA:281,19,1,0
BRDA:295,20,0,0
BRDA:295,20,1,0
BRDA:296,21,0,0
BRDA:298,22,0,0
BRDA:298,22,1,0
BRDA:298,23,0,0
BRDA:298,23,1,0
BRDA:298,23,2,0
BRDA:312,24,0,0
BRDA:312,24,1,0
BRDA:346,25,0,0
BRDA:346,25,1,0
BRDA:349,26,0,0
BRDA:349,26,1,0
BRDA:352,27,0,0
BRDA:352,27,1,0
BRDA:355,28,0,0
BRDA:355,28,1,0
BRF:64
BRH:0
end_of_record
TN:
SF:app/api/sales-orders/route.ts
FN:9,GET
FN:36,POST
FN:74,PUT
FN:108,DELETE
FNF:4
FNH:0
FNDA:0,GET
FNDA:0,POST
FNDA:0,PUT
FNDA:0,DELETE
DA:1,0
DA:2,0
DA:4,0
DA:5,0
DA:7,0
DA:9,0
DA:10,0
DA:11,0
DA:16,0
DA:18,0
DA:19,0
DA:20,0
DA:26,0
DA:28,0
DA:29,0
DA:36,0
DA:37,0
DA:38,0
DA:40,0
DA:43,0
DA:45,0
DA:50,0
DA:56,0
DA:57,0
DA:58,0
DA:64,0
DA:66,0
DA:67,0
DA:74,0
DA:75,0
DA:76,0
DA:77,0
DA:79,0
DA:83,0
DA:90,0
DA:91,0
DA:92,0
DA:98,0
DA:100,0
DA:101,0
DA:108,0
DA:109,0
DA:110,0
DA:111,0
DA:113,0
DA:114,0
DA:120,0
DA:125,0
DA:126,0
DA:127,0
DA:133,0
DA:135,0
DA:136,0
LF:53
LH:0
BRDA:5,0,0,0
BRDA:5,0,1,0
BRDA:18,1,0,0
BRDA:18,1,1,0
BRDA:40,2,0,0
BRDA:40,2,1,0
BRDA:56,3,0,0
BRDA:56,3,1,0
BRDA:90,4,0,0
BRDA:90,4,1,0
BRDA:113,5,0,0
BRDA:113,5,1,0
BRDA:125,6,0,0
BRDA:125,6,1,0
BRF:14
BRH:0
end_of_record
TN:
SF:app/api/setup-deal-products/route.ts
FN:9,POST
FNF:1
FNH:0
FNDA:0,POST
DA:1,0
DA:2,0
DA:4,0
DA:9,0
DA:10,0
DA:11,0
DA:14,0
DA:36,0
DA:37,0
DA:38,0
DA:41,0
DA:43,0
DA:48,0
DA:49,0
LF:14
LH:0
BRDA:36,0,0,0
BRDA:36,0,1,0
BRF:2
BRH:0
end_of_record
TN:
SF:app/api/solutions/route.ts
FN:9,GET
FN:45,POST
FN:101,PUT
FN:138,DELETE
FNF:4
FNH:0
FNDA:0,GET
FNDA:0,POST
FNDA:0,PUT
FNDA:0,DELETE
DA:1,0
DA:2,0
DA:4,0
DA:9,0
DA:10,0
DA:11,0
DA:13,0
DA:25,0
DA:26,0
DA:27,0
DA:33,0
DA:34,0
DA:37,0
DA:38,0
DA:45,0
DA:46,0
DA:47,0
DA:48,0
DA:49,0
DA:52,0
DA:53,0
DA:54,0
DA:55,0
DA:62,0
DA:63,0
DA:64,0
DA:65,0
DA:68,0
DA:72,0
DA:75,0
DA:81,0
DA:82,0
DA:83,0
DA:89,0
DA:90,0
DA:93,0
DA:94,0
DA:101,0
DA:102,0
DA:103,0
DA:104,0
DA:105,0
DA:107,0
DA:108,0
DA:111,0
DA:118,0
DA:119,0
DA:120,0
DA:126,0
DA:127,0
DA:130,0
DA:131,0
DA:138,0
DA:139,0
DA:140,0
DA:141,0
DA:142,0
DA:144,0
DA:145,0
DA:148,0
DA:153,0
DA:154,0
DA:155,0
DA:161,0
DA:162,0
DA:165,0
DA:166,0
LF:67
LH:0
BRDA:25,0,0,0
BRDA:25,0,1,0
BRDA:33,1,0,0
BRDA:33,1,1,0
BRDA:34,2,0,0
BRDA:34,2,1,0
BRDA:40,3,0,0
BRDA:40,3,1,0
BRDA:52,4,0,0
BRDA:52,4,1,0
BRDA:63,5,0,0
BRDA:63,5,1,0
BRDA:63,6,0,0
BRDA:63,6,1,0
BRDA:72,7,0,0
BRDA:72,7,1,0
BRDA:73,8,0,0
BRDA:73,8,1,0
BRDA:81,9,0,0
BRDA:81,9,1,0
BRDA:96,10,0,0
BRDA:96,10,1,0
BRDA:107,11,0,0
BRDA:107,11,1,0
BRDA:118,12,0,0
BRDA:118,12,1,0
BRDA:133,13,0,0
BRDA:133,13,1,0
BRDA:144,14,0,0
BRDA:144,14,1,0
BRDA:153,15,0,0
BRDA:153,15,1,0
BRDA:168,16,0,0
BRDA:168,16,1,0
BRF:34
BRH:0
end_of_record
TN:
SF:app/api/stock-entries/route.ts
FN:10,GET
FN:57,POST
FN:104,(anonymous_7)
FN:134,PUT
FN:171,(anonymous_9)
FN:202,DELETE
FNF:6
FNH:0
FNDA:0,GET
FNDA:0,POST
FNDA:0,(anonymous_7)
FNDA:0,PUT
FNDA:0,(anonymous_9)
FNDA:0,DELETE
DA:1,0
DA:2,0
DA:4,0
DA:5,0
DA:7,0
DA:10,0
DA:11,0
DA:12,0
DA:13,0
DA:14,0
DA:15,0
DA:17,0
DA:30,0
DA:31,0
DA:34,0
DA:35,0
DA:38,0
DA:39,0
DA:42,0
DA:44,0
DA:45,0
DA:46,0
DA:49,0
DA:51,0
DA:52,0
DA:57,0
DA:58,0
DA:59,0
DA:60,0
DA:62,0
DA:63,0
DA:66,0
DA:67,0
DA:71,0
DA:77,0
DA:78,0
DA:79,0
DA:83,0
DA:92,0
DA:98,0
DA:99,0
DA:100,0
DA:104,0
DA:111,0
DA:116,0
DA:117,0
DA:119,0
DA:120,0
DA:123,0
DA:128,0
DA:129,0
DA:134,0
DA:135,0
DA:136,0
DA:137,0
DA:139,0
DA:140,0
DA:143,0
DA:149,0
DA:157,0
DA:158,0
DA:159,0
DA:163,0
DA:165,0
DA:171,0
DA:178,0
DA:183,0
DA:184,0
DA:185,0
DA:188,0
DA:194,0
DA:196,0
DA:197,0
DA:202,0
DA:203,0
DA:204,0
DA:205,0
DA:206,0
DA:208,0
DA:209,0
DA:213,0
DA:219,0
DA:220,0
DA:221,0
DA:224,0
DA:225,0
DA:230,0
DA:236,0
DA:237,0
DA:238,0
DA:241,0
DA:243,0
DA:244,0
LF:93
LH:0
BRDA:4,0,0,0
BRDA:4,0,1,0
BRDA:5,1,0,0
BRDA:5,1,1,0
BRDA:30,2,0,0
BRDA:30,2,1,0
BRDA:34,3,0,0
BRDA:34,3,1,0
BRDA:38,4,0,0
BRDA:38,4,1,0
BRDA:44,5,0,0
BRDA:44,5,1,0
BRDA:49,6,0,0
BRDA:49,6,1,0
BRDA:62,7,0,0
BRDA:62,7,1,0
BRDA:62,8,0,0
BRDA:62,8,1,0
BRDA:66,9,0,0
BRDA:66,9,1,0
BRDA:66,10,0,0
BRDA:66,10,1,0
BRDA:77,11,0,0
BRDA:77,11,1,0
BRDA:98,12,0,0
BRDA:98,12,1,0
BRDA:116,13,0,0
BRDA:116,13,1,0
BRDA:139,14,0,0
BRDA:139,14,1,0
BRDA:139,15,0,0
BRDA:139,15,1,0
BRDA:157,16,0,0
BRDA:157,16,1,0
BRDA:163,17,0,0
BRDA:163,17,1,0
BRDA:163,18,0,0
BRDA:163,18,1,0
BRDA:183,19,0,0
BRDA:183,19,1,0
BRDA:208,20,0,0
BRDA:208,20,1,0
BRDA:208,21,0,0
BRDA:208,21,1,0
BRDA:219,22,0,0
BRDA:219,22,1,0
BRDA:224,23,0,0
BRDA:224,23,1,0
BRDA:224,24,0,0
BRDA:224,24,1,0
BRDA:236,25,0,0
BRDA:236,25,1,0
BRF:52
BRH:0
end_of_record
TN:
SF:app/api/stock-entries/approve/route.ts
FN:10,POST
FNF:1
FNH:0
FNDA:0,POST
DA:1,0
DA:2,0
DA:4,0
DA:5,0
DA:7,0
DA:10,0
DA:11,0
DA:12,0
DA:13,0
DA:15,0
DA:16,0
DA:22,0
DA:29,0
DA:30,0
DA:31,0
DA:34,0
DA:35,0
DA:38,0
DA:39,0
DA:44,0
DA:45,0
DA:51,0
DA:52,0
DA:53,0
DA:59,0
DA:60,0
DA:65,0
DA:66,0
DA:67,0
DA:75,0
DA:88,0
DA:89,0
DA:90,0
DA:95,0
DA:100,0
DA:101,0
LF:36
LH:0
BRDA:4,0,0,0
BRDA:4,0,1,0
BRDA:5,1,0,0
BRDA:5,1,1,0
BRDA:15,2,0,0
BRDA:15,2,1,0
BRDA:15,3,0,0
BRDA:15,3,1,0
BRDA:15,3,2,0
BRDA:29,4,0,0
BRDA:29,4,1,0
BRDA:34,5,0,0
BRDA:34,5,1,0
BRDA:38,6,0,0
BRDA:38,6,1,0
BRDA:38,7,0,0
BRDA:38,7,1,0
BRDA:44,8,0,0
BRDA:44,8,1,0
BRDA:44,9,0,0
BRDA:44,9,1,0
BRDA:51,10,0,0
BRDA:51,10,1,0
BRDA:59,11,0,0
BRDA:59,11,1,0
BRDA:59,12,0,0
BRDA:59,12,1,0
BRDA:65,13,0,0
BRDA:65,13,1,0
BRDA:66,14,0,0
BRDA:66,14,1,0
BRDA:88,15,0,0
BRDA:88,15,1,0
BRF:33
BRH:0
end_of_record
TN:
SF:app/api/stock-summary/route.ts
FN:10,GET
FN:34,(anonymous_2)
FN:64,(anonymous_3)
FN:70,(anonymous_4)
FN:71,(anonymous_5)
FN:72,(anonymous_6)
FN:73,(anonymous_7)
FNF:7
FNH:0
FNDA:0,GET
FNDA:0,(anonymous_2)
FNDA:0,(anonymous_3)
FNDA:0,(anonymous_4)
FNDA:0,(anonymous_5)
FNDA:0,(anonymous_6)
FNDA:0,(anonymous_7)
DA:1,0
DA:2,0
DA:4,0
DA:5,0
DA:7,0
DA:10,0
DA:11,0
DA:12,0
DA:13,0
DA:14,0
DA:17,0
DA:22,0
DA:23,0
DA:26,0
DA:28,0
DA:29,0
DA:30,0
DA:34,0
DA:35,0
DA:36,0
DA:37,0
DA:39,0
DA:40,0
DA:41,0
DA:42,0
DA:43,0
DA:44,0
DA:45,0
DA:48,0
DA:63,0
DA:64,0
DA:68,0
DA:70,0
DA:71,0
DA:72,0
DA:73,0
DA:76,0
DA:81,0
DA:82,0
LF:39
LH:0
BRDA:4,0,0,0
BRDA:4,0,1,0
BRDA:5,1,0,0
BRDA:5,1,1,0
BRDA:22,2,0,0
BRDA:22,2,1,0
BRDA:28,3,0,0
BRDA:28,3,1,0
BRDA:34,4,0,0
BRDA:34,4,1,0
BRDA:35,5,0,0
BRDA:35,5,1,0
BRDA:36,6,0,0
BRDA:36,6,1,0
BRDA:37,7,0,0
BRDA:37,7,1,0
BRDA:40,8,0,0
BRDA:40,8,1,0
BRDA:42,9,0,0
BRDA:42,9,1,0
BRDA:42,10,0,0
BRDA:42,10,1,0
BRDA:44,11,0,0
BRDA:44,11,1,0
BRDA:44,12,0,0
BRDA:44,12,1,0
BRDA:57,13,0,0
BRDA:57,13,1,0
BRDA:58,14,0,0
BRDA:58,14,1,0
BRDA:63,15,0,0
BRDA:63,15,1,0
BRF:32
BRH:0
end_of_record
TN:
SF:app/api/stock-transactions/route.ts
FN:10,GET
FNF:1
FNH:0
FNDA:0,GET
DA:1,0
DA:2,0
DA:4,0
DA:5,0
DA:7,0
DA:10,0
DA:11,0
DA:12,0
DA:13,0
DA:14,0
DA:15,0
DA:16,0
DA:18,0
DA:28,0
DA:29,0
DA:32,0
DA:33,0
DA:36,0
DA:37,0
DA:40,0
DA:42,0
DA:43,0
DA:44,0
DA:47,0
DA:49,0
DA:50,0
LF:26
LH:0
BRDA:4,0,0,0
BRDA:4,0,1,0
BRDA:5,1,0,0
BRDA:5,1,1,0
BRDA:16,2,0,0
BRDA:16,2,1,0
BRDA:28,3,0,0
BRDA:28,3,1,0
BRDA:32,4,0,0
BRDA:32,4,1,0
BRDA:36,5,0,0
BRDA:36,5,1,0
BRDA:42,6,0,0
BRDA:42,6,1,0
BRDA:47,7,0,0
BRDA:47,7,1,0
BRF:16
BRH:0
end_of_record
TN:
SF:app/api/test-db/route.ts
FN:4,GET
FNF:1
FNH:0
FNDA:0,GET
DA:1,0
DA:2,0
DA:4,0
DA:5,0
DA:6,0
DA:7,0
DA:8,0
DA:11,0
DA:19,0
DA:20,0
DA:26,0
DA:32,0
DA:35,0
DA:39,0
DA:45,0
DA:49,0
DA:55,0
DA:59,0
DA:65,0
DA:69,0
DA:75,0
DA:80,0
DA:85,0
DA:93,0
LF:24
LH:0
BRDA:16,0,0,0
BRDA:16,0,1,0
BRDA:19,1,0,0
BRDA:19,1,1,0
BRDA:19,2,0,0
BRDA:19,2,1,0
BRDA:19,2,2,0
BRDA:28,3,0,0
BRDA:28,3,1,0
BRF:9
BRH:0
end_of_record
TN:
SF:app/api/users/route.ts
FN:9,GET
FNF:1
FNH:0
FNDA:0,GET
DA:1,0
DA:2,0
DA:4,0
DA:9,0
DA:10,0
DA:11,0
DA:12,0
DA:14,0
DA:15,0
DA:18,0
DA:24,0
DA:25,0
DA:26,0
DA:29,0
DA:31,0
DA:32,0
LF:16
LH:0
BRDA:14,0,0,0
BRDA:14,0,1,0
BRDA:24,1,0,0
BRDA:24,1,1,0
BRF:4
BRH:0
end_of_record
TN:
SF:components/accounts-content.tsx
FN:56,AccountsContent
FN:100,(anonymous_3)
FN:105,(anonymous_4)
FN:106,(anonymous_5)
FN:113,(anonymous_6)
FN:118,(anonymous_7)
FN:134,(anonymous_8)
FN:165,(anonymous_9)
FN:166,(anonymous_10)
FN:166,(anonymous_11)
FN:173,(anonymous_12)
FN:180,(anonymous_13)
FN:189,(anonymous_14)
FN:194,(anonymous_15)
FN:202,(anonymous_16)
FN:230,(anonymous_17)
FN:235,(anonymous_18)
FN:248,(anonymous_19)
FN:253,(anonymous_20)
FN:258,(anonymous_21)
FN:267,(anonymous_22)
FN:267,(anonymous_23)
FN:290,(anonymous_24)
FN:357,(anonymous_25)
FN:414,(anonymous_26)
FN:435,(anonymous_27)
FN:474,(anonymous_28)
FN:551,(anonymous_29)
FN:555,(anonymous_30)
FN:593,(anonymous_31)
FN:641,(anonymous_32)
FN:668,(anonymous_33)
FN:776,(anonymous_34)
FN:786,(anonymous_35)
FN:798,(anonymous_36)
FN:810,(anonymous_37)
FN:837,(anonymous_38)
FN:944,(anonymous_39)
FN:955,(anonymous_40)
FN:966,(anonymous_41)
FN:979,(anonymous_42)
FN:1005,(anonymous_43)
FN:1011,(anonymous_44)
FN:1016,(anonymous_45)
FN:1016,(anonymous_46)
FN:1027,(anonymous_47)
FN:1036,(anonymous_48)
FN:1046,(anonymous_49)
FN:1055,(anonymous_50)
FN:1066,(anonymous_51)
FN:1078,(anonymous_52)
FN:1087,(anonymous_53)
FN:1093,(anonymous_54)
FN:1098,(anonymous_55)
FN:1098,(anonymous_56)
FN:1109,(anonymous_57)
FN:1115,(anonymous_58)
FN:1148,(anonymous_59)
FN:1154,(anonymous_60)
FN:1159,(anonymous_61)
FN:1159,(anonymous_62)
FN:1170,(anonymous_63)
FN:1179,(anonymous_64)
FN:1189,(anonymous_65)
FN:1198,(anonymous_66)
FN:1209,(anonymous_67)
FN:1221,(anonymous_68)
FN:1230,(anonymous_69)
FN:1236,(anonymous_70)
FN:1241,(anonymous_71)
FN:1241,(anonymous_72)
FN:1252,(anonymous_73)
FN:1258,(anonymous_74)
FN:1263,(anonymous_75)
FN:1263,(anonymous_76)
FN:1271,(anonymous_77)
FN:1295,(anonymous_78)
FNF:77
FNH:0
FNDA:0,AccountsContent
FNDA:0,(anonymous_3)
FNDA:0,(anonymous_4)
FNDA:0,(anonymous_5)
FNDA:0,(anonymous_6)
FNDA:0,(anonymous_7)
FNDA:0,(anonymous_8)
FNDA:0,(anonymous_9)
FNDA:0,(anonymous_10)
FNDA:0,(anonymous_11)
FNDA:0,(anonymous_12)
FNDA:0,(anonymous_13)
FNDA:0,(anonymous_14)
FNDA:0,(anonymous_15)
FNDA:0,(anonymous_16)
FNDA:0,(anonymous_17)
FNDA:0,(anonymous_18)
FNDA:0,(anonymous_19)
FNDA:0,(anonymous_20)
FNDA:0,(anonymous_21)
FNDA:0,(anonymous_22)
FNDA:0,(anonymous_23)
FNDA:0,(anonymous_24)
FNDA:0,(anonymous_25)
FNDA:0,(anonymous_26)
FNDA:0,(anonymous_27)
FNDA:0,(anonymous_28)
FNDA:0,(anonymous_29)
FNDA:0,(anonymous_30)
FNDA:0,(anonymous_31)
FNDA:0,(anonymous_32)
FNDA:0,(anonymous_33)
FNDA:0,(anonymous_34)
FNDA:0,(anonymous_35)
FNDA:0,(anonymous_36)
FNDA:0,(anonymous_37)
FNDA:0,(anonymous_38)
FNDA:0,(anonymous_39)
FNDA:0,(anonymous_40)
FNDA:0,(anonymous_41)
FNDA:0,(anonymous_42)
FNDA:0,(anonymous_43)
FNDA:0,(anonymous_44)
FNDA:0,(anonymous_45)
FNDA:0,(anonymous_46)
FNDA:0,(anonymous_47)
FNDA:0,(anonymous_48)
FNDA:0,(anonymous_49)
FNDA:0,(anonymous_50)
FNDA:0,(anonymous_51)
FNDA:0,(anonymous_52)
FNDA:0,(anonymous_53)
FNDA:0,(anonymous_54)
FNDA:0,(anonymous_55)
FNDA:0,(anonymous_56)
FNDA:0,(anonymous_57)
FNDA:0,(anonymous_58)
FNDA:0,(anonymous_59)
FNDA:0,(anonymous_60)
FNDA:0,(anonymous_61)
FNDA:0,(anonymous_62)
FNDA:0,(anonymous_63)
FNDA:0,(anonymous_64)
FNDA:0,(anonymous_65)
FNDA:0,(anonymous_66)
FNDA:0,(anonymous_67)
FNDA:0,(anonymous_68)
FNDA:0,(anonymous_69)
FNDA:0,(anonymous_70)
FNDA:0,(anonymous_71)
FNDA:0,(anonymous_72)
FNDA:0,(anonymous_73)
FNDA:0,(anonymous_74)
FNDA:0,(anonymous_75)
FNDA:0,(anonymous_76)
FNDA:0,(anonymous_77)
FNDA:0,(anonymous_78)
DA:3,0
DA:4,0
DA:5,0
DA:6,0
DA:7,0
DA:10,0
DA:11,0
DA:12,0
DA:13,0
DA:14,0
DA:15,0
DA:16,0
DA:17,0
DA:52,0
DA:53,0
DA:54,0
DA:56,0
DA:57,0
DA:58,0
DA:59,0
DA:60,0
DA:61,0
DA:62,0
DA:63,0
DA:64,0
DA:65,0
DA:66,0
DA:67,0
DA:68,0
DA:69,0
DA:70,0
DA:71,0
DA:72,0
DA:84,0
DA:100,0
DA:101,0
DA:105,0
DA:106,0
DA:107,0
DA:108,0
DA:112,0
DA:113,0
DA:114,0
DA:118,0
DA:119,0
DA:120,0
DA:123,0
DA:124,0
DA:125,0
DA:128,0
DA:129,0
DA:130,0
DA:131,0
DA:134,0
DA:135,0
DA:137,0
DA:161,0
DA:162,0
DA:165,0
DA:166,0
DA:169,0
DA:170,0
DA:171,0
DA:173,0
DA:174,0
DA:175,0
DA:176,0
DA:180,0
DA:181,0
DA:182,0
DA:183,0
DA:185,0
DA:188,0
DA:189,0
DA:191,0
DA:194,0
DA:195,0
DA:196,0
DA:198,0
DA:201,0
DA:202,0
DA:204,0
DA:206,0
DA:217,0
DA:220,0
DA:221,0
DA:230,0
DA:231,0
DA:235,0
DA:237,0
DA:241,0
DA:242,0
DA:243,0
DA:245,0
DA:248,0
DA:250,0
DA:253,0
DA:255,0
DA:258,0
DA:259,0
DA:260,0
DA:261,0
DA:265,0
DA:267,0
DA:270,0
DA:272,0
DA:277,0
DA:280,0
DA:281,0
DA:290,0
DA:291,0
DA:293,0
DA:294,0
DA:299,0
DA:302,0
DA:304,0
DA:306,0
DA:307,0
DA:308,0
DA:310,0
DA:311,0
DA:312,0
DA:313,0
DA:314,0
DA:316,0
DA:318,0
DA:322,0
DA:324,0
DA:325,0
DA:348,0
DA:349,0
DA:353,0
DA:354,0
DA:357,0
DA:358,0
DA:359,0
DA:362,0
DA:366,0
DA:367,0
DA:390,0
DA:391,0
DA:395,0
DA:398,0
DA:414,0
DA:415,0
DA:416,0
DA:419,0
DA:424,0
DA:425,0
DA:431,0
DA:435,0
DA:436,0
DA:438,0
DA:439,0
DA:442,0
DA:443,0
DA:444,0
DA:449,0
DA:450,0
DA:453,0
DA:454,0
DA:455,0
DA:460,0
DA:461,0
DA:464,0
DA:465,0
DA:468,0
DA:474,0
DA:476,0
DA:480,0
DA:497,0
DA:498,0
DA:500,0
DA:503,0
DA:504,0
DA:507,0
DA:509,0
DA:510,0
DA:511,0
DA:512,0
DA:515,0
DA:516,0
DA:518,0
DA:529,0
DA:530,0
DA:531,0
DA:533,0
DA:534,0
DA:537,0
DA:538,0
DA:540,0
DA:542,0
DA:546,0
DA:547,0
DA:551,0
DA:555,0
DA:556,0
DA:557,0
DA:560,0
DA:561,0
DA:563,0
DA:564,0
DA:565,0
DA:566,0
DA:567,0
DA:570,0
DA:571,0
DA:572,0
DA:574,0
DA:580,0
DA:582,0
DA:583,0
DA:585,0
DA:593,0
DA:594,0
DA:595,0
DA:597,0
DA:619,0
DA:620,0
DA:625,0
DA:632,0
DA:633,0
DA:641,0
DA:642,0
DA:644,0
DA:646,0
DA:648,0
DA:650,0
DA:652,0
DA:668,0
DA:776,0
DA:787,0
DA:799,0
DA:811,0
DA:839,0
DA:840,0
DA:841,0
DA:842,0
DA:843,0
DA:845,0
DA:944,0
DA:955,0
DA:966,0
DA:979,0
DA:1005,0
DA:1011,0
DA:1016,0
DA:1017,0
DA:1027,0
DA:1036,0
DA:1046,0
DA:1055,0
DA:1066,0
DA:1078,0
DA:1087,0
DA:1093,0
DA:1098,0
DA:1099,0
DA:1109,0
DA:1115,0
DA:1148,0
DA:1154,0
DA:1159,0
DA:1160,0
DA:1170,0
DA:1179,0
DA:1189,0
DA:1198,0
DA:1209,0
DA:1221,0
DA:1230,0
DA:1236,0
DA:1241,0
DA:1242,0
DA:1252,0
DA:1258,0
DA:1263,0
DA:1264,0
DA:1271,0
DA:1295,0
LF:280
LH:0
BRDA:107,0,0,0
BRDA:107,0,1,0
BRDA:124,1,0,0
BRDA:124,1,1,0
BRDA:130,2,0,0
BRDA:130,2,1,0
BRDA:134,3,0,0
BRDA:134,3,1,0
BRDA:142,4,0,0
BRDA:142,4,1,0
BRDA:142,4,2,0
BRDA:145,5,0,0
BRDA:145,5,1,0
BRDA:146,6,0,0
BRDA:146,6,1,0
BRDA:146,6,2,0
BRDA:146,6,3,0
BRDA:147,7,0,0
BRDA:147,7,1,0
BRDA:149,8,0,0
BRDA:149,8,1,0
BRDA:149,8,2,0
BRDA:151,9,0,0
BRDA:151,9,1,0
BRDA:153,10,0,0
BRDA:153,10,1,0
BRDA:157,11,0,0
BRDA:157,11,1,0
BRDA:157,11,2,0
BRDA:174,12,0,0
BRDA:174,12,1,0
BRDA:176,13,0,0
BRDA:176,13,1,0
BRDA:181,14,0,0
BRDA:181,14,1,0
BRDA:182,15,0,0
BRDA:182,15,1,0
BRDA:182,16,0,0
BRDA:182,16,1,0
BRDA:183,17,0,0
BRDA:183,17,1,0
BRDA:188,18,0,0
BRDA:188,18,1,0
BRDA:189,19,0,0
BRDA:189,19,1,0
BRDA:191,20,0,0
BRDA:191,20,1,0
BRDA:195,21,0,0
BRDA:195,21,1,0
BRDA:195,22,0,0
BRDA:195,22,1,0
BRDA:196,23,0,0
BRDA:196,23,1,0
BRDA:201,24,0,0
BRDA:201,24,1,0
BRDA:202,25,0,0
BRDA:202,25,1,0
BRDA:204,26,0,0
BRDA:204,26,1,0
BRDA:207,27,0,0
BRDA:207,27,1,0
BRDA:237,28,0,0
BRDA:237,28,1,0
BRDA:237,28,2,0
BRDA:241,29,0,0
BRDA:241,29,1,0
BRDA:242,30,0,0
BRDA:242,30,1,0
BRDA:243,31,0,0
BRDA:243,31,1,0
BRDA:245,32,0,0
BRDA:245,32,1,0
BRDA:245,32,2,0
BRDA:245,32,3,0
BRDA:259,33,0,0
BRDA:259,33,1,0
BRDA:265,34,0,0
BRDA:265,34,1,0
BRDA:293,35,0,0
BRDA:293,35,1,0
BRDA:307,36,0,0
BRDA:307,36,1,0
BRDA:310,37,0,0
BRDA:310,37,1,0
BRDA:313,38,0,0
BRDA:313,38,1,0
BRDA:322,39,0,0
BRDA:322,39,1,0
BRDA:340,40,0,0
BRDA:340,40,1,0
BRDA:341,41,0,0
BRDA:341,41,1,0
BRDA:348,42,0,0
BRDA:348,42,1,0
BRDA:382,43,0,0
BRDA:382,43,1,0
BRDA:383,44,0,0
BRDA:383,44,1,0
BRDA:390,45,0,0
BRDA:390,45,1,0
BRDA:427,46,0,0
BRDA:427,46,1,0
BRDA:443,47,0,0
BRDA:443,47,1,0
BRDA:454,48,0,0
BRDA:454,48,1,0
BRDA:476,49,0,0
BRDA:476,49,1,0
BRDA:476,49,2,0
BRDA:476,49,3,0
BRDA:476,49,4,0
BRDA:476,49,5,0
BRDA:476,49,6,0
BRDA:476,49,7,0
BRDA:476,49,8,0
BRDA:476,49,9,0
BRDA:476,49,10,0
BRDA:482,50,0,0
BRDA:482,50,1,0
BRDA:482,50,2,0
BRDA:483,51,0,0
BRDA:483,51,1,0
BRDA:483,51,2,0
BRDA:483,51,3,0
BRDA:483,51,4,0
BRDA:483,51,5,0
BRDA:483,51,6,0
BRDA:483,51,7,0
BRDA:484,52,0,0
BRDA:484,52,1,0
BRDA:484,52,2,0
BRDA:484,52,3,0
BRDA:484,52,4,0
BRDA:484,52,5,0
BRDA:485,53,0,0
BRDA:485,53,1,0
BRDA:485,53,2,0
BRDA:486,54,0,0
BRDA:486,54,1,0
BRDA:486,54,2,0
BRDA:486,54,3,0
BRDA:486,54,4,0
BRDA:487,55,0,0
BRDA:487,55,1,0
BRDA:487,55,2,0
BRDA:487,55,3,0
BRDA:488,56,0,0
BRDA:488,56,1,0
BRDA:488,56,2,0
BRDA:488,56,3,0
BRDA:489,57,0,0
BRDA:489,57,1,0
BRDA:489,57,2,0
BRDA:489,57,3,0
BRDA:491,58,0,0
BRDA:491,58,1,0
BRDA:491,58,2,0
BRDA:491,58,3,0
BRDA:491,58,4,0
BRDA:492,59,0,0
BRDA:492,59,1,0
BRDA:492,59,2,0
BRDA:492,59,3,0
BRDA:492,59,4,0
BRDA:492,59,5,0
BRDA:492,59,6,0
BRDA:509,60,0,0
BRDA:509,60,1,0
BRDA:509,61,0,0
BRDA:509,61,1,0
BRDA:529,62,0,0
BRDA:529,62,1,0
BRDA:537,63,0,0
BRDA:537,63,1,0
BRDA:537,64,0,0
BRDA:537,64,1,0
BRDA:576,65,0,0
BRDA:576,65,1,0
BRDA:619,66,0,0
BRDA:619,66,1,0
BRDA:642,67,0,0
BRDA:642,67,1,0
BRDA:642,67,2,0
BRDA:642,67,3,0
BRDA:642,67,4,0
BRDA:689,68,0,0
BRDA:689,68,1,0
BRDA:709,69,0,0
BRDA:709,69,1,0
BRDA:716,70,0,0
BRDA:716,70,1,0
BRDA:729,71,0,0
BRDA:729,71,1,0
BRDA:749,72,0,0
BRDA:749,72,1,0
BRDA:832,73,0,0
BRDA:832,73,1,0
BRDA:840,74,0,0
BRDA:840,74,1,0
BRDA:841,75,0,0
BRDA:841,75,1,0
BRDA:842,76,0,0
BRDA:842,76,1,0
BRDA:843,77,0,0
BRDA:843,77,1,0
BRDA:858,78,0,0
BRDA:858,78,1,0
BRDA:862,79,0,0
BRDA:872,80,0,0
BRDA:878,81,0,0
BRDA:888,82,0,0
BRDA:894,83,0,0
BRDA:904,84,0,0
BRDA:910,85,0,0
BRDA:916,86,0,0
BRDA:922,87,0,0
BRDA:935,88,0,0
BRDA:935,88,1,0
BRDA:940,89,0,0
BRDA:951,90,0,0
BRDA:962,91,0,0
BRDA:1121,92,0,0
BRDA:1277,93,0,0
BRDA:1279,94,0,0
BRDA:1279,94,1,0
BRDA:1284,95,0,0
BRDA:1284,95,1,0
BRF:227
BRH:0
end_of_record
TN:
SF:components/activities-content.tsx
FN:29,ActivitiesContent
FNF:1
FNH:0
FNDA:0,ActivitiesContent
DA:10,0
DA:25,0
DA:26,0
DA:27,0
DA:29,0
DA:30,0
LF:6
LH:0
BRF:0
BRH:0
end_of_record
TN:
SF:components/activities-redesigned.tsx
FN:80,ActivitiesRedesigned
FN:95,(anonymous_3)
FN:99,(anonymous_4)
FN:120,(anonymous_5)
FN:146,(anonymous_6)
FN:167,(anonymous_7)
FN:194,(anonymous_8)
FN:195,(anonymous_9)
FN:199,(anonymous_10)
FN:200,(anonymous_11)
FN:204,(anonymous_12)
FN:205,(anonymous_13)
FN:209,(anonymous_14)
FN:222,(anonymous_15)
FN:229,(anonymous_16)
FN:242,(anonymous_17)
FN:301,(anonymous_18)
FN:330,(anonymous_19)
FN:343,(anonymous_20)
FN:372,(anonymous_21)
FN:397,(anonymous_22)
FN:403,(anonymous_23)
FN:412,(anonymous_24)
FN:417,(anonymous_25)
FN:422,(anonymous_26)
FN:426,(anonymous_27)
FN:458,(anonymous_28)
FN:462,(anonymous_29)
FN:468,(anonymous_30)
FN:473,(anonymous_31)
FN:479,(anonymous_32)
FN:508,(anonymous_33)
FN:534,(anonymous_34)
FN:539,(anonymous_35)
FN:544,(anonymous_36)
FN:548,(anonymous_37)
FN:568,(anonymous_38)
FN:576,(anonymous_39)
FN:586,CreateActivityModal
FN:602,(anonymous_41)
FN:630,(anonymous_42)
FN:635,(anonymous_43)
FN:643,(anonymous_44)
FN:648,(anonymous_45)
FN:658,(anonymous_46)
FN:666,(anonymous_47)
FN:674,(anonymous_48)
FN:682,(anonymous_49)
FN:690,(anonymous_50)
FN:699,(anonymous_51)
FN:707,(anonymous_52)
FN:714,(anonymous_53)
FN:728,UpdateActivityModal
FN:734,(anonymous_55)
FN:792,(anonymous_56)
FN:800,(anonymous_57)
FN:808,(anonymous_58)
FNF:57
FNH:0
FNDA:0,ActivitiesRedesigned
FNDA:0,(anonymous_3)
FNDA:0,(anonymous_4)
FNDA:0,(anonymous_5)
FNDA:0,(anonymous_6)
FNDA:0,(anonymous_7)
FNDA:0,(anonymous_8)
FNDA:0,(anonymous_9)
FNDA:0,(anonymous_10)
FNDA:0,(anonymous_11)
FNDA:0,(anonymous_12)
FNDA:0,(anonymous_13)
FNDA:0,(anonymous_14)
FNDA:0,(anonymous_15)
FNDA:0,(anonymous_16)
FNDA:0,(anonymous_17)
FNDA:0,(anonymous_18)
FNDA:0,(anonymous_19)
FNDA:0,(anonymous_20)
FNDA:0,(anonymous_21)
FNDA:0,(anonymous_22)
FNDA:0,(anonymous_23)
FNDA:0,(anonymous_24)
FNDA:0,(anonymous_25)
FNDA:0,(anonymous_26)
FNDA:0,(anonymous_27)
FNDA:0,(anonymous_28)
FNDA:0,(anonymous_29)
FNDA:0,(anonymous_30)
FNDA:0,(anonymous_31)
FNDA:0,(anonymous_32)
FNDA:0,(anonymous_33)
FNDA:0,(anonymous_34)
FNDA:0,(anonymous_35)
FNDA:0,(anonymous_36)
FNDA:0,(anonymous_37)
FNDA:0,(anonymous_38)
FNDA:0,(anonymous_39)
FNDA:0,CreateActivityModal
FNDA:0,(anonymous_41)
FNDA:0,(anonymous_42)
FNDA:0,(anonymous_43)
FNDA:0,(anonymous_44)
FNDA:0,(anonymous_45)
FNDA:0,(anonymous_46)
FNDA:0,(anonymous_47)
FNDA:0,(anonymous_48)
FNDA:0,(anonymous_49)
FNDA:0,(anonymous_50)
FNDA:0,(anonymous_51)
FNDA:0,(anonymous_52)
FNDA:0,(anonymous_53)
FNDA:0,UpdateActivityModal
FNDA:0,(anonymous_55)
FNDA:0,(anonymous_56)
FNDA:0,(anonymous_57)
FNDA:0,(anonymous_58)
DA:3,0
DA:4,0
DA:5,0
DA:6,0
DA:7,0
DA:8,0
DA:9,0
DA:10,0
DA:11,0
DA:12,0
DA:19,0
DA:20,0
DA:21,0
DA:49,0
DA:59,0
DA:67,0
DA:80,0
DA:81,0
DA:82,0
DA:83,0
DA:84,0
DA:85,0
DA:91,0
DA:92,0
DA:93,0
DA:95,0
DA:96,0
DA:99,0
DA:100,0
DA:101,0
DA:102,0
DA:103,0
DA:105,0
DA:106,0
DA:108,0
DA:109,0
DA:111,0
DA:112,0
DA:114,0
DA:116,0
DA:120,0
DA:121,0
DA:122,0
DA:123,0
DA:125,0
DA:127,0
DA:137,0
DA:138,0
DA:139,0
DA:142,0
DA:146,0
DA:147,0
DA:148,0
DA:159,0
DA:160,0
DA:163,0
DA:167,0
DA:168,0
DA:170,0
DA:171,0
DA:172,0
DA:174,0
DA:176,0
DA:177,0
DA:178,0
DA:179,0
DA:180,0
DA:182,0
DA:184,0
DA:185,0
DA:186,0
DA:187,0
DA:188,0
DA:190,0
DA:194,0
DA:195,0
DA:196,0
DA:199,0
DA:200,0
DA:201,0
DA:204,0
DA:205,0
DA:206,0
DA:209,0
DA:210,0
DA:215,0
DA:216,0
DA:217,0
DA:219,0
DA:222,0
DA:223,0
DA:224,0
DA:225,0
DA:226,0
DA:229,0
DA:230,0
DA:231,0
DA:232,0
DA:242,0
DA:301,0
DA:331,0
DA:332,0
DA:343,0
DA:373,0
DA:374,0
DA:397,0
DA:404,0
DA:405,0
DA:412,0
DA:417,0
DA:422,0
DA:427,0
DA:428,0
DA:458,0
DA:462,0
DA:469,0
DA:473,0
DA:480,0
DA:509,0
DA:510,0
DA:534,0
DA:539,0
DA:544,0
DA:549,0
DA:550,0
DA:568,0
DA:577,0
DA:578,0
DA:587,0
DA:602,0
DA:603,0
DA:604,0
DA:605,0
DA:630,0
DA:636,0
DA:643,0
DA:649,0
DA:658,0
DA:666,0
DA:674,0
DA:682,0
DA:690,0
DA:699,0
DA:707,0
DA:714,0
DA:729,0
DA:730,0
DA:731,0
DA:732,0
DA:734,0
DA:735,0
DA:736,0
DA:750,0
DA:751,0
DA:752,0
DA:755,0
DA:759,0
DA:792,0
DA:800,0
DA:808,0
LF:160
LH:0
BRDA:103,0,0,0
BRDA:103,0,1,0
BRDA:111,1,0,0
BRDA:111,1,1,0
BRDA:112,2,0,0
BRDA:112,2,1,0
BRDA:123,3,0,0
BRDA:123,3,1,0
BRDA:137,4,0,0
BRDA:137,4,1,0
BRDA:155,5,0,0
BRDA:155,5,1,0
BRDA:159,6,0,0
BRDA:159,6,1,0
BRDA:168,7,0,0
BRDA:168,7,1,0
BRDA:168,7,2,0
BRDA:170,8,0,0
BRDA:170,8,1,0
BRDA:176,9,0,0
BRDA:176,9,1,0
BRDA:178,10,0,0
BRDA:178,10,1,0
BRDA:184,11,0,0
BRDA:184,11,1,0
BRDA:185,12,0,0
BRDA:185,12,1,0
BRDA:196,13,0,0
BRDA:196,13,1,0
BRDA:201,14,0,0
BRDA:201,14,1,0
BRDA:206,15,0,0
BRDA:206,15,1,0
BRDA:210,16,0,0
BRDA:210,16,1,0
BRDA:210,16,2,0
BRDA:210,16,3,0
BRDA:215,17,0,0
BRDA:215,17,1,0
BRDA:216,18,0,0
BRDA:216,18,1,0
BRDA:217,19,0,0
BRDA:217,19,1,0
BRDA:219,20,0,0
BRDA:219,20,1,0
BRDA:219,20,2,0
BRDA:219,20,3,0
BRDA:224,21,0,0
BRDA:224,21,1,0
BRDA:225,22,0,0
BRDA:225,22,1,0
BRDA:226,23,0,0
BRDA:226,23,1,0
BRDA:231,24,0,0
BRDA:231,24,1,0
BRDA:232,25,0,0
BRDA:232,25,1,0
BRDA:232,25,2,0
BRDA:253,26,0,0
BRDA:253,26,1,0
BRDA:253,27,0,0
BRDA:253,27,1,0
BRDA:261,28,0,0
BRDA:261,28,1,0
BRDA:261,29,0,0
BRDA:261,29,1,0
BRDA:269,30,0,0
BRDA:269,30,1,0
BRDA:269,31,0,0
BRDA:269,31,1,0
BRDA:277,32,0,0
BRDA:277,32,1,0
BRDA:277,33,0,0
BRDA:277,33,1,0
BRDA:285,34,0,0
BRDA:285,34,1,0
BRDA:285,35,0,0
BRDA:285,35,1,0
BRDA:293,36,0,0
BRDA:293,36,1,0
BRDA:293,37,0,0
BRDA:293,37,1,0
BRDA:320,38,0,0
BRDA:339,39,0,0
BRDA:339,39,1,0
BRDA:365,40,0,0
BRDA:396,41,0,0
BRDA:402,42,0,0
BRDA:411,43,0,0
BRDA:416,44,0,0
BRDA:416,44,1,0
BRDA:421,45,0,0
BRDA:499,46,0,0
BRDA:501,47,0,0
BRDA:520,48,0,0
BRDA:533,49,0,0
BRDA:538,50,0,0
BRDA:538,50,1,0
BRDA:543,51,0,0
BRDA:603,52,0,0
BRDA:603,52,1,0
BRDA:603,53,0,0
BRDA:603,53,1,0
BRDA:746,54,0,0
BRDA:746,54,1,0
BRDA:750,55,0,0
BRDA:750,55,1,0
BRDA:759,56,0,0
BRDA:759,56,1,0
BRF:109
BRH:0
end_of_record
TN:
SF:components/add-account-content.tsx
FN:66,AddAccountContent
FN:152,(anonymous_2)
FN:169,(anonymous_3)
FN:171,(anonymous_4)
FN:175,(anonymous_5)
FN:191,(anonymous_6)
FN:193,(anonymous_7)
FN:197,(anonymous_8)
FN:203,(anonymous_9)
FN:215,(anonymous_10)
FN:248,(anonymous_11)
FN:252,(anonymous_12)
FN:256,(anonymous_13)
FN:260,(anonymous_14)
FN:285,(anonymous_15)
FN:295,(anonymous_16)
FN:307,(anonymous_17)
FN:317,(anonymous_18)
FN:323,(anonymous_19)
FN:343,(anonymous_20)
FN:365,(anonymous_21)
FN:406,(anonymous_22)
FN:428,(anonymous_23)
FN:444,(anonymous_24)
FN:463,(anonymous_25)
FN:479,(anonymous_26)
FN:507,(anonymous_27)
FN:522,(anonymous_28)
FN:538,(anonymous_29)
FN:555,(anonymous_30)
FN:574,(anonymous_31)
FN:605,(anonymous_32)
FN:611,(anonymous_33)
FN:629,(anonymous_34)
FN:638,(anonymous_35)
FN:647,(anonymous_36)
FN:651,(anonymous_37)
FN:676,(anonymous_38)
FN:685,(anonymous_39)
FN:763,(anonymous_40)
FN:768,(anonymous_41)
FN:844,(anonymous_42)
FN:848,(anonymous_43)
FN:956,(anonymous_44)
FNF:44
FNH:0
FNDA:0,AddAccountContent
FNDA:0,(anonymous_2)
FNDA:0,(anonymous_3)
FNDA:0,(anonymous_4)
FNDA:0,(anonymous_5)
FNDA:0,(anonymous_6)
FNDA:0,(anonymous_7)
FNDA:0,(anonymous_8)
FNDA:0,(anonymous_9)
FNDA:0,(anonymous_10)
FNDA:0,(anonymous_11)
FNDA:0,(anonymous_12)
FNDA:0,(anonymous_13)
FNDA:0,(anonymous_14)
FNDA:0,(anonymous_15)
FNDA:0,(anonymous_16)
FNDA:0,(anonymous_17)
FNDA:0,(anonymous_18)
FNDA:0,(anonymous_19)
FNDA:0,(anonymous_20)
FNDA:0,(anonymous_21)
FNDA:0,(anonymous_22)
FNDA:0,(anonymous_23)
FNDA:0,(anonymous_24)
FNDA:0,(anonymous_25)
FNDA:0,(anonymous_26)
FNDA:0,(anonymous_27)
FNDA:0,(anonymous_28)
FNDA:0,(anonymous_29)
FNDA:0,(anonymous_30)
FNDA:0,(anonymous_31)
FNDA:0,(anonymous_32)
FNDA:0,(anonymous_33)
FNDA:0,(anonymous_34)
FNDA:0,(anonymous_35)
FNDA:0,(anonymous_36)
FNDA:0,(anonymous_37)
FNDA:0,(anonymous_38)
FNDA:0,(anonymous_39)
FNDA:0,(anonymous_40)
FNDA:0,(anonymous_41)
FNDA:0,(anonymous_42)
FNDA:0,(anonymous_43)
FNDA:0,(anonymous_44)
[...]
DA:3,0
DA:4,0
DA:7,0
DA:8,0
DA:10,0
DA:33,0
DA:35,0
DA:40,0
DA:59,0
DA:61,0
LF:10
LH:0
BRDA:47,0,0,0
BRDA:47,0,1,0
BRDA:48,1,0,0
BRDA:48,1,1,0
BRF:4
BRH:0
end_of_record
TN:
SF:components/ui/toggle.tsx
FNF:0
FNH:0
DA:3,0
DA:4,0
DA:5,0
DA:7,0
DA:9,0
DA:43,0
DA:45,0
LF:7
LH:0
BRF:0
BRH:0
end_of_record
TN:
SF:components/ui/tooltip.tsx
FNF:0
FNH:0
DA:3,0
DA:4,0
DA:6,0
DA:8,0
DA:10,0
DA:12,0
DA:28,0
DA:30,0
LF:8
LH:0
BRDA:17,0,0,0
BRF:1
BRH:0
end_of_record
TN:
SF:components/ui/use-mobile.tsx
FN:5,useIsMobile
FN:8,(anonymous_5)
FN:10,(anonymous_6)
FN:15,(anonymous_7)
FNF:4
FNH:0
FNDA:0,useIsMobile
FNDA:0,(anonymous_5)
FNDA:0,(anonymous_6)
FNDA:0,(anonymous_7)
DA:1,0
DA:3,0
DA:5,0
DA:6,0
DA:8,0
DA:9,0
DA:10,0
DA:11,0
DA:13,0
DA:14,0
DA:15,0
DA:18,0
LF:12
LH:0
BRF:0
BRH:0
end_of_record
TN:
SF:components/ui/use-toast.ts
FN:30,genId
FN:61,(anonymous_8)
FN:66,(anonymous_9)
FN:77,(anonymous_10)
FN:88,(anonymous_11)
FN:101,(anonymous_12)
FN:108,(anonymous_13)
FN:127,(anonymous_14)
FN:136,dispatch
FN:138,(anonymous_16)
FN:145,toast
FN:148,(anonymous_18)
FN:153,(anonymous_19)
FN:161,(anonymous_20)
FN:174,useToast
FN:177,(anonymous_22)
FN:179,(anonymous_23)
FN:190,(anonymous_24)
FNF:18
FNH:0
FNDA:0,genId
FNDA:0,(anonymous_8)
FNDA:0,(anonymous_9)
FNDA:0,(anonymous_10)
FNDA:0,(anonymous_11)
FNDA:0,(anonymous_12)
FNDA:0,(anonymous_13)
FNDA:0,(anonymous_14)
FNDA:0,dispatch
FNDA:0,(anonymous_16)
FNDA:0,toast
FNDA:0,(anonymous_18)
FNDA:0,(anonymous_19)
FNDA:0,(anonymous_20)
FNDA:0,useToast
FNDA:0,(anonymous_22)
FNDA:0,(anonymous_23)
FNDA:0,(anonymous_24)
DA:4,0
DA:11,0
DA:12,0
DA:21,0
DA:28,0
DA:31,0
DA:32,0
DA:59,0
DA:61,0
DA:62,0
DA:63,0
DA:66,0
DA:67,0
DA:68,0
DA:74,0
DA:77,0
DA:78,0
DA:80,0
DA:86,0
DA:89,0
DA:94,0
DA:98,0
DA:99,0
DA:101,0
DA:102,0
DA:106,0
DA:109,0
DA:119,0
DA:120,0
DA:125,0
DA:127,0
DA:132,0
DA:134,0
DA:137,0
DA:138,0
DA:139,0
DA:146,0
DA:148,0
DA:149,0
DA:153,0
DA:155,0
DA:162,0
DA:167,0
DA:175,0
DA:177,0
DA:178,0
DA:179,0
DA:180,0
DA:181,0
DA:182,0
DA:187,0
DA:190,0
DA:194,0
LF:53
LH:0
BRDA:62,0,0,0
BRDA:62,0,1,0
BRDA:78,1,0,0
BRDA:78,1,1,0
BRDA:78,1,2,0
BRDA:78,1,3,0
BRDA:89,2,0,0
BRDA:89,2,1,0
BRDA:98,3,0,0
BRDA:98,3,1,0
BRDA:109,4,0,0
BRDA:109,4,1,0
BRDA:109,5,0,0
BRDA:109,5,1,0
BRDA:119,6,0,0
BRDA:119,6,1,0
BRDA:162,7,0,0
BRDA:162,7,1,0
BRDA:181,8,0,0
BRDA:181,8,1,0
BRF:20
BRH:0
end_of_record
TN:
SF:lib/agentic-ai-service.ts
FN:78,(anonymous_1)
FN:82,(anonymous_2)
FN:95,(anonymous_3)
FN:114,(anonymous_4)
FN:121,(anonymous_5)
FN:142,(anonymous_6)
FN:146,(anonymous_7)
FN:152,(anonymous_8)
FN:164,(anonymous_9)
FN:179,(anonymous_10)
FN:206,(anonymous_11)
FN:219,(anonymous_12)
FN:241,(anonymous_13)
FN:245,(anonymous_14)
FN:253,(anonymous_15)
FN:260,(anonymous_16)
FN:285,(anonymous_17)
FN:306,(anonymous_18)
FN:318,(anonymous_19)
FN:330,(anonymous_20)
FN:362,(anonymous_21)
FN:371,(anonymous_22)
FN:386,(anonymous_23)
FN:392,(anonymous_24)
FN:398,(anonymous_25)
FN:409,(anonymous_26)
FN:410,(anonymous_27)
FN:416,(anonymous_28)
FN:417,(anonymous_29)
FN:421,(anonymous_30)
FN:451,(anonymous_31)
FNF:31
FNH:0
FNDA:0,(anonymous_1)
FNDA:0,(anonymous_2)
FNDA:0,(anonymous_3)
FNDA:0,(anonymous_4)
FNDA:0,(anonymous_5)
FNDA:0,(anonymous_6)
FNDA:0,(anonymous_7)
FNDA:0,(anonymous_8)
FNDA:0,(anonymous_9)
FNDA:0,(anonymous_10)
FNDA:0,(anonymous_11)
FNDA:0,(anonymous_12)
FNDA:0,(anonymous_13)
FNDA:0,(anonymous_14)
FNDA:0,(anonymous_15)
FNDA:0,(anonymous_16)
FNDA:0,(anonymous_17)
FNDA:0,(anonymous_18)
FNDA:0,(anonymous_19)
FNDA:0,(anonymous_20)
FNDA:0,(anonymous_21)
FNDA:0,(anonymous_22)
FNDA:0,(anonymous_23)
FNDA:0,(anonymous_24)
FNDA:0,(anonymous_25)
FNDA:0,(anonymous_26)
FNDA:0,(anonymous_27)
FNDA:0,(anonymous_28)
FNDA:0,(anonymous_29)
FNDA:0,(anonymous_30)
FNDA:0,(anonymous_31)
DA:79,0
DA:82,0
DA:83,0
DA:84,0
DA:85,0
DA:86,0
DA:89,0
DA:90,0
DA:95,0
DA:114,0
DA:115,0
DA:116,0
DA:121,0
DA:138,0
DA:143,0
DA:146,0
DA:147,0
DA:148,0
DA:149,0
DA:152,0
DA:153,0
DA:154,0
DA:155,0
DA:158,0
DA:160,0
DA:161,0
DA:164,0
DA:165,0
DA:179,0
DA:180,0
DA:193,0
DA:206,0
DA:207,0
DA:208,0
DA:209,0
DA:210,0
DA:213,0
DA:214,0
DA:219,0
DA:237,0
DA:242,0
DA:245,0
DA:246,0
DA:247,0
DA:249,0
DA:252,0
DA:253,0
DA:255,0
DA:260,0
DA:278,0
DA:279,0
DA:280,0
DA:285,0
DA:302,0
DA:311,0
DA:318,0
DA:319,0
DA:320,0
DA:322,0
DA:323,0
DA:325,0
DA:331,0
DA:334,0
DA:335,0
DA:336,0
DA:339,0
DA:340,0
DA:343,0
DA:344,0
DA:345,0
DA:348,0
DA:349,0
DA:352,0
DA:353,0
DA:356,0
DA:357,0
DA:359,0
DA:364,0
DA:365,0
DA:366,0
DA:367,0
DA:368,0
DA:373,0
DA:374,0
DA:377,0
DA:379,0
DA:383,0
DA:387,0
DA:388,0
DA:389,0
DA:393,0
DA:394,0
DA:395,0
DA:406,0
DA:409,0
DA:410,0
DA:411,0
DA:413,0
DA:416,0
DA:417,0
DA:418,0
DA:421,0
DA:423,0
DA:424,0
DA:434,0
DA:435,0
DA:447,0
DA:452,0
DA:493,0
DA:497,0
LF:110
LH:0
BRDA:85,0,0,0
BRDA:85,0,1,0
BRDA:86,1,0,0
BRDA:86,1,1,0
BRDA:86,1,2,0
BRDA:86,1,3,0
BRDA:89,2,0,0
BRDA:89,2,1,0
BRDA:114,3,0,0
BRDA:114,3,1,0
BRDA:115,4,0,0
BRDA:115,4,1,0
BRDA:147,5,0,0
BRDA:147,5,1,0
BRDA:149,6,0,0
BRDA:149,6,1,0
BRDA:153,7,0,0
BRDA:153,7,1,0
BRDA:155,8,0,0
BRDA:155,8,1,0
BRDA:160,9,0,0
BRDA:160,9,1,0
BRDA:207,10,0,0
BRDA:207,10,1,0
BRDA:213,11,0,0
BRDA:213,11,1,0
BRDA:223,12,0,0
BRDA:223,12,1,0
BRDA:226,13,0,0
BRDA:226,13,1,0
BRDA:247,14,0,0
BRDA:247,14,1,0
BRDA:249,15,0,0
BRDA:249,15,1,0
BRDA:252,16,0,0
BRDA:252,16,1,0
BRDA:279,17,0,0
BRDA:279,17,1,0
BRDA:334,18,0,0
BRDA:334,18,1,0
BRDA:334,19,0,0
BRDA:334,19,1,0
BRDA:336,20,0,0
BRDA:336,20,1,0
BRDA:339,21,0,0
BRDA:339,21,1,0
BRDA:340,22,0,0
BRDA:340,22,1,0
BRDA:343,23,0,0
BRDA:343,23,1,0
BRDA:344,24,0,0
BRDA:344,24,1,0
BRDA:345,25,0,0
BRDA:345,25,1,0
BRDA:348,26,0,0
BRDA:348,26,1,0
BRDA:348,27,0,0
BRDA:348,27,1,0
BRDA:349,28,0,0
BRDA:349,28,1,0
BRDA:349,29,0,0
BRDA:349,29,1,0
BRDA:353,30,0,0
BRDA:353,30,1,0
BRDA:353,31,0,0
BRDA:353,31,1,0
BRDA:356,32,0,0
BRDA:356,32,1,0
BRDA:357,33,0,0
BRDA:357,33,1,0
BRDA:364,34,0,0
BRDA:364,34,1,0
BRDA:364,35,0,0
BRDA:364,35,1,0
BRDA:365,36,0,0
BRDA:365,36,1,0
BRDA:366,37,0,0
BRDA:366,37,1,0
BRDA:367,38,0,0
BRDA:367,38,1,0
BRDA:377,39,0,0
BRDA:377,39,1,0
BRDA:377,40,0,0
BRDA:377,40,1,0
BRDA:411,41,0,0
BRDA:411,41,1,0
BRDA:418,42,0,0
BRDA:418,42,1,0
BRDA:423,43,0,0
BRDA:423,43,1,0
BRDA:434,44,0,0
BRDA:434,44,1,0
BRF:92
BRH:0
end_of_record
TN:
SF:lib/ai-services.ts
FN:50,(anonymous_6)
FN:56,(anonymous_7)
FN:63,(anonymous_8)
FN:70,(anonymous_9)
FN:93,(anonymous_10)
FN:123,(anonymous_11)
FN:154,(anonymous_12)
FN:161,(anonymous_13)
FN:167,(anonymous_14)
FN:183,(anonymous_15)
FN:221,(anonymous_16)
FN:250,(anonymous_17)
FN:262,(anonymous_18)
FN:319,(anonymous_19)
FN:340,(anonymous_20)
FN:348,(anonymous_21)
FN:361,(anonymous_22)
FN:363,(anonymous_23)
FN:375,(anonymous_24)
FNF:19
FNH:0
FNDA:0,(anonymous_6)
FNDA:0,(anonymous_7)
FNDA:0,(anonymous_8)
FNDA:0,(anonymous_9)
FNDA:0,(anonymous_10)
FNDA:0,(anonymous_11)
FNDA:0,(anonymous_12)
FNDA:0,(anonymous_13)
FNDA:0,(anonymous_14)
FNDA:0,(anonymous_15)
FNDA:0,(anonymous_16)
FNDA:0,(anonymous_17)
FNDA:0,(anonymous_18)
FNDA:0,(anonymous_19)
FNDA:0,(anonymous_20)
FNDA:0,(anonymous_21)
FNDA:0,(anonymous_22)
FNDA:0,(anonymous_23)
FNDA:0,(anonymous_24)
DA:49,0
DA:51,0
DA:54,0
DA:55,0
DA:56,0
DA:57,0
DA:61,0
DA:62,0
DA:63,0
DA:64,0
DA:68,0
DA:69,0
DA:70,0
DA:71,0
DA:75,0
DA:76,0
DA:79,0
DA:85,0
DA:88,0
DA:90,0
DA:97,0
DA:98,0
DA:99,0
DA:100,0
DA:101,0
DA:102,0
DA:103,0
DA:104,0
DA:105,0
DA:107,0
DA:108,0
DA:111,0
DA:122,0
DA:124,0
DA:127,0
DA:134,0
DA:137,0
DA:138,0
DA:139,0
DA:140,0
DA:143,0
DA:150,0
DA:153,0
DA:154,0
DA:155,0
DA:158,0
DA:162,0
DA:164,0
DA:165,0
DA:167,0
DA:168,0
DA:178,0
DA:182,0
DA:184,0
DA:185,0
DA:188,0
DA:189,0
DA:190,0
DA:191,0
DA:194,0
DA:195,0
DA:196,0
DA:197,0
DA:200,0
DA:201,0
DA:202,0
DA:203,0
DA:206,0
DA:207,0
DA:208,0
DA:209,0
DA:213,0
DA:214,0
DA:215,0
DA:218,0
DA:222,0
DA:226,0
DA:227,0
DA:228,0
DA:229,0
DA:230,0
DA:231,0
DA:232,0
DA:233,0
DA:234,0
DA:236,0
DA:237,0
DA:240,0
DA:251,0
DA:253,0
DA:254,0
DA:255,0
DA:257,0
DA:261,0
DA:263,0
DA:315,0
DA:316,0
DA:320,0
DA:339,0
DA:345,0
DA:348,0
DA:349,0
DA:350,0
DA:361,0
DA:362,0
DA:363,0
DA:364,0
DA:375,0
DA:376,0
DA:379,0
DA:380,0
DA:390,0
LF:112
LH:0
BRDA:55,0,0,0
BRDA:55,0,1,0
BRDA:56,1,0,0
BRDA:56,1,1,0
BRDA:62,2,0,0
BRDA:62,2,1,0
BRDA:63,3,0,0
BRDA:63,3,1,0
BRDA:63,4,0,0
BRDA:63,4,1,0
BRDA:69,5,0,0
BRDA:69,5,1,0
BRDA:70,6,0,0
BRDA:70,6,1,0
BRDA:70,7,0,0
BRDA:70,7,1,0
BRDA:75,8,0,0
BRDA:75,8,1,0
BRDA:75,9,0,0
BRDA:75,9,1,0
BRDA:76,10,0,0
BRDA:76,10,1,0
BRDA:76,11,0,0
BRDA:76,11,1,0
BRDA:85,12,0,0
BRDA:85,12,1,0
BRDA:85,13,0,0
BRDA:85,13,1,0
BRDA:88,14,0,0
BRDA:88,14,1,0
BRDA:97,15,0,0
BRDA:97,15,1,0
BRDA:100,16,0,0
BRDA:100,16,1,0
BRDA:103,17,0,0
BRDA:103,17,1,0
BRDA:134,18,0,0
BRDA:134,18,1,0
BRDA:138,19,0,0
BRDA:138,19,1,0
BRDA:139,20,0,0
BRDA:139,20,1,0
BRDA:150,21,0,0
BRDA:150,21,1,0
BRDA:154,22,0,0
BRDA:154,22,1,0
BRDA:167,23,0,0
BRDA:167,23,1,0
BRDA:188,24,0,0
BRDA:188,24,1,0
BRDA:188,25,0,0
BRDA:188,25,1,0
BRDA:194,26,0,0
BRDA:194,26,1,0
BRDA:200,27,0,0
BRDA:200,27,1,0
BRDA:206,28,0,0
BRDA:206,28,1,0
BRDA:213,29,0,0
BRDA:213,29,1,0
BRDA:213,30,0,0
BRDA:213,30,1,0
BRDA:226,31,0,0
BRDA:226,31,1,0
BRDA:229,32,0,0
BRDA:229,32,1,0
BRDA:232,33,0,0
BRDA:232,33,1,0
BRDA:253,34,0,0
BRDA:253,34,1,0
BRDA:254,35,0,0
BRDA:254,35,1,0
BRDA:254,36,0,0
BRDA:254,36,1,0
BRDA:255,37,0,0
BRDA:255,37,1,0
BRDA:266,38,0,0
BRDA:266,38,1,0
BRDA:315,39,0,0
BRDA:315,39,1,0
BRDA:316,40,0,0
BRDA:316,40,1,0
BRDA:349,41,0,0
BRDA:349,41,1,0
BRDA:362,42,0,0
BRDA:362,42,1,0
BRDA:376,43,0,0
BRDA:376,43,1,0
BRDA:379,44,0,0
BRDA:379,44,1,0
BRF:90
BRH:0
end_of_record
TN:
SF:lib/auth-context.tsx
FN:34,AuthProvider
FN:39,(anonymous_7)
FN:54,(anonymous_8)
FN:77,(anonymous_9)
FN:83,(anonymous_10)
FN:85,(anonymous_11)
FN:87,(anonymous_12)
FN:104,useAuth
FNF:8
FNH:0
FNDA:0,AuthProvider
FNDA:0,(anonymous_7)
FNDA:0,(anonymous_8)
FNDA:0,(anonymous_9)
FNDA:0,(anonymous_10)
FNDA:0,(anonymous_11)
FNDA:0,(anonymous_12)
FNDA:0,useAuth
DA:3,0
DA:4,0
DA:32,0
DA:34,0
DA:35,0
DA:36,0
DA:37,0
DA:39,0
DA:41,0
DA:42,0
DA:43,0
DA:44,0
DA:45,0
DA:47,0
DA:48,0
DA:51,0
DA:54,0
DA:55,0
DA:56,0
DA:62,0
DA:64,0
DA:65,0
DA:66,0
DA:67,0
DA:70,0
DA:72,0
DA:73,0
DA:77,0
DA:78,0
DA:79,0
DA:80,0
DA:83,0
DA:85,0
DA:87,0
DA:104,0
DA:105,0
DA:106,0
DA:107,0
DA:109,0
LF:39
LH:0
BRDA:42,0,0,0
BRDA:42,0,1,0
BRDA:64,1,0,0
BRDA:64,1,1,0
BRDA:64,2,0,0
BRDA:64,2,1,0
BRDA:87,3,0,0
BRDA:87,3,1,0
BRDA:106,4,0,0
BRDA:106,4,1,0
BRF:10
BRH:0
end_of_record
TN:
SF:lib/database.ts
FN:8,(anonymous_3)
FN:23,(anonymous_4)
FN:50,(anonymous_5)
FN:128,(anonymous_6)
FN:206,(anonymous_7)
FN:223,(anonymous_8)
FN:238,(anonymous_9)
FN:270,(anonymous_10)
FN:313,(anonymous_11)
FN:365,(anonymous_12)
FN:384,(anonymous_13)
FN:413,(anonymous_14)
FN:429,(anonymous_15)
FN:445,(anonymous_16)
FN:465,(anonymous_17)
FN:480,(anonymous_18)
FN:500,(anonymous_19)
FN:522,(anonymous_20)
FN:548,(anonymous_21)
FN:598,(anonymous_22)
FN:645,(anonymous_23)
FN:670,(anonymous_24)
FN:685,(anonymous_25)
FNF:23
FNH:0
FNDA:0,(anonymous_3)
FNDA:0,(anonymous_4)
FNDA:0,(anonymous_5)
FNDA:0,(anonymous_6)
FNDA:0,(anonymous_7)
FNDA:0,(anonymous_8)
FNDA:0,(anonymous_9)
FNDA:0,(anonymous_10)
FNDA:0,(anonymous_11)
FNDA:0,(anonymous_12)
FNDA:0,(anonymous_13)
FNDA:0,(anonymous_14)
FNDA:0,(anonymous_15)
FNDA:0,(anonymous_16)
FNDA:0,(anonymous_17)
FNDA:0,(anonymous_18)
FNDA:0,(anonymous_19)
FNDA:0,(anonymous_20)
FNDA:0,(anonymous_21)
FNDA:0,(anonymous_22)
FNDA:0,(anonymous_23)
FNDA:0,(anonymous_24)
FNDA:0,(anonymous_25)
DA:1,0
DA:4,0
DA:5,0
DA:9,0
DA:10,0
DA:15,0
DA:17,0
DA:18,0
DA:28,0
DA:29,0
DA:41,0
DA:42,0
DA:44,0
DA:45,0
DA:57,0
DA:59,0
DA:65,0
DA:79,0
DA:82,0
DA:88,0
DA:91,0
DA:109,0
DA:111,0
DA:123,0
DA:124,0
DA:150,0
DA:151,0
DA:153,0
DA:154,0
DA:155,0
DA:156,0
DA:157,0
DA:158,0
DA:159,0
DA:160,0
DA:161,0
DA:162,0
DA:163,0
DA:164,0
DA:165,0
DA:166,0
DA:167,0
DA:168,0
DA:169,0
DA:170,0
DA:171,0
DA:172,0
DA:174,0
DA:184,0
DA:187,0
DA:188,0
DA:194,0
DA:195,0
DA:199,0
DA:201,0
DA:202,0
DA:207,0
DA:209,0
DA:214,0
DA:216,0
DA:218,0
DA:219,0
DA:224,0
DA:225,0
DA:234,0
DA:237,0
DA:239,0
DA:241,0
DA:249,0
DA:251,0
DA:256,0
DA:259,0
DA:263,0
DA:265,0
DA:266,0
DA:271,0
DA:272,0
DA:282,0
DA:285,0
DA:286,0
DA:294,0
DA:296,0
DA:301,0
DA:305,0
DA:307,0
DA:308,0
DA:321,0
DA:323,0
DA:329,0
DA:331,0
DA:332,0
DA:338,0
DA:357,0
DA:358,0
DA:360,0
DA:361,0
DA:366,0
DA:367,0
DA:376,0
DA:377,0
DA:379,0
DA:380,0
DA:389,0
DA:390,0
DA:405,0
DA:406,0
DA:408,0
DA:409,0
DA:414,0
DA:415,0
DA:420,0
DA:421,0
DA:423,0
DA:424,0
DA:430,0
DA:431,0
DA:436,0
DA:437,0
DA:439,0
DA:440,0
DA:446,0
DA:447,0
DA:457,0
DA:458,0
DA:460,0
DA:461,0
DA:466,0
DA:467,0
DA:472,0
DA:473,0
DA:475,0
DA:476,0
DA:481,0
DA:482,0
DA:492,0
DA:493,0
DA:495,0
DA:496,0
DA:501,0
DA:502,0
DA:513,0
DA:514,0
DA:516,0
DA:517,0
DA:523,0
DA:524,0
DA:533,0
DA:536,0
DA:539,0
DA:540,0
DA:542,0
DA:543,0
DA:557,0
DA:559,0
DA:569,0
DA:570,0
DA:572,0
DA:574,0
DA:575,0
DA:589,0
DA:590,0
DA:592,0
DA:593,0
DA:599,0
DA:600,0
DA:603,0
DA:609,0
DA:610,0
DA:611,0
DA:614,0
DA:616,0
DA:620,0
DA:622,0
DA:623,0
DA:625,0
DA:628,0
DA:631,0
DA:635,0
DA:637,0
DA:638,0
DA:640,0
DA:641,0
DA:646,0
DA:647,0
DA:650,0
DA:657,0
DA:658,0
DA:659,0
DA:662,0
DA:663,0
DA:665,0
DA:666,0
DA:671,0
DA:672,0
DA:677,0
DA:678,0
DA:680,0
DA:681,0
DA:686,0
DA:687,0
DA:692,0
DA:693,0
DA:695,0
DA:696,0
DA:701,0
LF:205
LH:0
BRDA:41,0,0,0
BRDA:41,0,1,0
BRDA:79,1,0,0
BRDA:79,1,1,0
BRDA:88,2,0,0
BRDA:88,2,1,0
BRDA:109,3,0,0
BRDA:109,3,1,0
BRDA:153,4,0,0
BRDA:153,4,1,0
BRDA:154,5,0,0
BRDA:154,5,1,0
BRDA:155,6,0,0
BRDA:155,6,1,0
BRDA:156,7,0,0
BRDA:156,7,1,0
BRDA:157,8,0,0
BRDA:157,8,1,0
BRDA:158,9,0,0
BRDA:158,9,1,0
BRDA:159,10,0,0
BRDA:159,10,1,0
BRDA:160,11,0,0
BRDA:160,11,1,0
BRDA:161,12,0,0
BRDA:161,12,1,0
BRDA:162,13,0,0
BRDA:162,13,1,0
BRDA:163,14,0,0
BRDA:163,14,1,0
BRDA:164,15,0,0
BRDA:164,15,1,0
BRDA:165,16,0,0
BRDA:165,16,1,0
BRDA:166,17,0,0
BRDA:166,17,1,0
BRDA:167,18,0,0
BRDA:167,18,1,0
BRDA:168,19,0,0
BRDA:168,19,1,0
BRDA:169,20,0,0
BRDA:169,20,1,0
BRDA:170,21,0,0
BRDA:170,21,1,0
BRDA:171,22,0,0
BRDA:171,22,1,0
BRDA:172,23,0,0
BRDA:172,23,1,0
BRDA:184,24,0,0
BRDA:184,24,1,0
BRDA:187,25,0,0
BRDA:187,25,1,0
BRDA:194,26,0,0
BRDA:194,26,1,0
BRDA:214,27,0,0
BRDA:214,27,1,0
BRDA:234,28,0,0
BRDA:234,28,1,0
BRDA:239,29,0,0
BRDA:239,29,1,0
BRDA:249,30,0,0
BRDA:249,30,1,0
BRDA:282,31,0,0
BRDA:282,31,1,0
BRDA:285,32,0,0
BRDA:285,32,1,0
BRDA:294,33,0,0
BRDA:294,33,1,0
BRDA:329,34,0,0
BRDA:329,34,1,0
BRDA:331,35,0,0
BRDA:331,35,1,0
BRDA:347,36,0,0
BRDA:347,36,1,0
BRDA:357,37,0,0
BRDA:357,37,1,0
BRDA:376,38,0,0
BRDA:376,38,1,0
BRDA:393,39,0,0
BRDA:393,39,1,0
BRDA:394,40,0,0
BRDA:394,40,1,0
BRDA:395,41,0,0
BRDA:395,41,1,0
BRDA:405,42,0,0
BRDA:405,42,1,0
BRDA:420,43,0,0
BRDA:420,43,1,0
BRDA:436,44,0,0
BRDA:436,44,1,0
BRDA:457,45,0,0
BRDA:457,45,1,0
BRDA:472,46,0,0
BRDA:472,46,1,0
BRDA:492,47,0,0
BRDA:492,47,1,0
BRDA:513,48,0,0
BRDA:513,48,1,0
BRDA:533,49,0,0
BRDA:533,49,1,0
BRDA:533,50,0,0
BRDA:533,50,1,0
BRDA:536,51,0,0
BRDA:536,51,1,0
BRDA:539,52,0,0
BRDA:539,52,1,0
BRDA:540,53,0,0
BRDA:540,53,1,0
BRDA:560,54,0,0
BRDA:560,54,1,0
BRDA:561,55,0,0
BRDA:561,55,1,0
BRDA:564,56,0,0
BRDA:564,56,1,0
BRDA:565,57,0,0
BRDA:565,57,1,0
BRDA:566,58,0,0
BRDA:566,58,1,0
BRDA:569,59,0,0
BRDA:569,59,1,0
BRDA:578,60,0,0
BRDA:578,60,1,0
BRDA:579,61,0,0
BRDA:579,61,1,0
BRDA:582,62,0,0
BRDA:582,62,1,0
BRDA:583,63,0,0
BRDA:583,63,1,0
BRDA:584,64,0,0
BRDA:584,64,1,0
BRDA:589,65,0,0
BRDA:589,65,1,0
BRDA:598,66,0,0
BRDA:609,67,0,0
BRDA:609,67,1,0
BRDA:620,68,0,0
BRDA:620,68,1,0
BRDA:620,69,0,0
BRDA:620,69,1,0
BRDA:623,70,0,0
BRDA:623,70,1,0
BRDA:635,71,0,0
BRDA:635,71,1,0
BRDA:637,72,0,0
BRDA:637,72,1,0
BRDA:638,73,0,0
BRDA:638,73,1,0
BRDA:645,74,0,0
BRDA:657,75,0,0
BRDA:657,75,1,0
BRDA:662,76,0,0
BRDA:662,76,1,0
BRDA:663,77,0,0
BRDA:663,77,1,0
BRDA:677,78,0,0
BRDA:677,78,1,0
BRDA:692,79,0,0
BRDA:692,79,1,0
BRF:158
BRH:0
end_of_record
TN:
SF:lib/excel-export.ts
FN:21,exportToExcel
FN:28,(anonymous_8)
FN:45,(anonymous_9)
FN:47,(anonymous_10)
FN:61,(anonymous_11)
FN:100,getNestedValue
FN:103,(anonymous_13)
FN:112,formatDateForExcel
FN:128,formatCurrencyForExcel
FNF:9
FNH:0
FNDA:0,exportToExcel
FNDA:0,(anonymous_8)
FNDA:0,(anonymous_9)
FNDA:0,(anonymous_10)
FNDA:0,(anonymous_11)
FNDA:0,getNestedValue
FNDA:0,(anonymous_13)
FNDA:0,formatDateForExcel
FNDA:0,formatCurrencyForExcel
DA:21,0
DA:22,0
DA:23,0
DA:26,0
DA:27,0
DA:28,0
DA:29,0
DA:32,0
DA:34,0
DA:35,0
DA:36,0
DA:39,0
DA:42,0
DA:45,0
DA:46,0
DA:47,0
DA:49,0
DA:50,0
DA:52,0
DA:55,0
DA:58,0
DA:61,0
DA:64,0
DA:67,0
DA:70,0
DA:71,0
DA:74,0
DA:75,0
DA:76,0
DA:77,0
DA:80,0
DA:81,0
DA:82,0
DA:85,0
DA:87,0
DA:88,0
DA:90,0
DA:91,0
DA:101,0
DA:103,0
DA:104,0
DA:112,0
DA:113,0
DA:115,0
DA:116,0
DA:117,0
DA:119,0
DA:128,0
DA:129,0
DA:131,0
DA:132,0
LF:51
LH:0
BRDA:26,0,0,0
BRDA:26,0,1,0
BRDA:32,1,0,0
BRDA:34,2,0,0
BRDA:34,2,1,0
BRDA:34,3,0,0
BRDA:34,3,1,0
BRDA:50,4,0,0
BRDA:50,4,1,0
BRDA:62,5,0,0
BRDA:62,5,1,0
BRDA:101,6,0,0
BRDA:101,6,1,0
BRDA:101,7,0,0
BRDA:101,7,1,0
BRDA:104,8,0,0
BRDA:104,8,1,0
BRDA:104,9,0,0
BRDA:104,9,1,0
BRDA:113,10,0,0
BRDA:113,10,1,0
BRDA:116,11,0,0
BRDA:116,11,1,0
BRDA:128,12,0,0
BRDA:129,13,0,0
BRDA:129,13,1,0
BRDA:131,14,0,0
BRDA:131,14,1,0
BRF:28
BRH:0
end_of_record
TN:
SF:lib/localStorage-service.ts
FN:18,(anonymous_1)
FN:29,(anonymous_2)
FN:38,(anonymous_3)
FN:43,(anonymous_4)
FN:57,(anonymous_5)
FN:61,(anonymous_6)
FN:63,(anonymous_7)
FN:67,(anonymous_8)
FN:69,(anonymous_9)
FN:84,(anonymous_10)
FN:86,(anonymous_11)
FN:95,(anonymous_12)
FN:97,(anonymous_13)
FN:108,(anonymous_14)
FN:114,(anonymous_15)
FN:118,(anonymous_16)
FN:119,(anonymous_17)
FN:129,(anonymous_18)
FN:132,(anonymous_19)
FN:133,(anonymous_20)
FN:141,(anonymous_21)
FN:145,(anonymous_22)
FN:163,(anonymous_23)
FN:164,(anonymous_24)
FN:165,(anonymous_25)
FN:170,(anonymous_26)
FN:260,(anonymous_27)
FN:266,(anonymous_28)
FN:270,(anonymous_29)
FN:278,(anonymous_30)
FN:286,(anonymous_31)
FN:287,(anonymous_32)
FNF:32
FNH:0
FNDA:0,(anonymous_1)
FNDA:0,(anonymous_2)
FNDA:0,(anonymous_3)
FNDA:0,(anonymous_4)
FNDA:0,(anonymous_5)
FNDA:0,(anonymous_6)
FNDA:0,(anonymous_7)
FNDA:0,(anonymous_8)
FNDA:0,(anonymous_9)
FNDA:0,(anonymous_10)
FNDA:0,(anonymous_11)
FNDA:0,(anonymous_12)
FNDA:0,(anonymous_13)
FNDA:0,(anonymous_14)
FNDA:0,(anonymous_15)
FNDA:0,(anonymous_16)
FNDA:0,(anonymous_17)
FNDA:0,(anonymous_18)
FNDA:0,(anonymous_19)
FNDA:0,(anonymous_20)
FNDA:0,(anonymous_21)
FNDA:0,(anonymous_22)
FNDA:0,(anonymous_23)
FNDA:0,(anonymous_24)
FNDA:0,(anonymous_25)
FNDA:0,(anonymous_26)
FNDA:0,(anonymous_27)
FNDA:0,(anonymous_28)
FNDA:0,(anonymous_29)
FNDA:0,(anonymous_30)
FNDA:0,(anonymous_31)
FNDA:0,(anonymous_32)
DA:19,0
DA:20,0
DA:21,0
DA:22,0
DA:24,0
DA:25,0
DA:30,0
DA:31,0
DA:32,0
DA:34,0
DA:39,0
DA:44,0
DA:45,0
DA:51,0
DA:52,0
DA:53,0
DA:58,0
DA:62,0
DA:63,0
DA:68,0
DA:69,0
DA:71,0
DA:73,0
DA:79,0
DA:80,0
DA:85,0
DA:86,0
DA:88,0
DA:90,0
DA:91,0
DA:96,0
DA:97,0
DA:104,0
DA:105,0
DA:109,0
DA:110,0
DA:115,0
DA:116,0
DA:118,0
DA:119,0
DA:120,0
DA:121,0
DA:122,0
DA:124,0
DA:130,0
DA:132,0
DA:133,0
DA:134,0
DA:135,0
DA:142,0
DA:151,0
DA:152,0
DA:153,0
DA:155,0
DA:156,0
DA:158,0
DA:159,0
DA:161,0
DA:163,0
DA:164,0
DA:165,0
DA:172,0
DA:175,0
DA:209,0
DA:212,0
DA:235,0
DA:238,0
DA:256,0
DA:261,0
DA:266,0
DA:271,0
DA:277,0
DA:278,0
DA:279,0
DA:282,0
DA:287,0
DA:288,0
DA:289,0
DA:296,0
DA:299,0
DA:300,0
DA:303,0
LF:82
LH:0
BRDA:19,0,0,0
BRDA:19,0,1,0
BRDA:22,1,0,0
BRDA:22,1,1,0
BRDA:30,2,0,0
BRDA:30,2,1,0
BRDA:47,3,0,0
BRDA:47,3,1,0
BRDA:63,4,0,0
BRDA:63,4,1,0
BRDA:71,5,0,0
BRDA:71,5,1,0
BRDA:88,6,0,0
BRDA:88,6,1,0
BRDA:99,7,0,0
BRDA:99,7,1,0
BRDA:109,8,0,0
BRDA:109,8,1,0
BRDA:121,9,0,0
BRDA:121,9,1,0
BRDA:134,10,0,0
BRDA:134,10,1,0
BRDA:134,11,0,0
BRDA:134,11,1,0
BRDA:172,12,0,0
BRDA:172,12,1,0
BRDA:288,13,0,0
BRDA:288,13,1,0
BRDA:288,14,0,0
BRDA:288,14,1,0
BRDA:299,15,0,0
BRDA:299,15,1,0
BRF:32
BRH:0
end_of_record
TN:
SF:lib/supabase.ts
FN:9,(anonymous_3)
FNF:1
FNH:0
FNDA:0,(anonymous_3)
DA:1,0
DA:3,0
DA:4,0
DA:6,0
DA:9,0
DA:10,0
DA:11,0
DA:14,0
LF:8
LH:0
BRDA:10,0,0,0
BRDA:10,0,1,0
BRF:2
BRH:0
end_of_record
TN:
SF:lib/utils.ts
FN:4,cn
FNF:1
FNH:1
FNDA:6,cn
DA:1,2
DA:2,2
DA:4,6
DA:5,6
LF:4
LH:4
BRF:0
BRH:0
end_of_record
